2021-02-03 00:02:15,671 ERROR org.hibernate.tool.schema.internal.SchemaDropperImpl$DelayedDropActionImpl [Thread-39] HHH000478: Unsuccessful: 
    drop table actas if exists
2021-02-03 00:02:15,681 ERROR org.hibernate.tool.schema.internal.SchemaDropperImpl$DelayedDropActionImpl [Thread-39] HHH000478: Unsuccessful: 
    drop table aseguradoras if exists
2021-02-03 00:02:15,684 ERROR org.hibernate.tool.schema.internal.SchemaDropperImpl$DelayedDropActionImpl [Thread-39] HHH000478: Unsuccessful: 
    drop table citas if exists
2021-02-03 00:02:15,688 ERROR org.hibernate.tool.schema.internal.SchemaDropperImpl$DelayedDropActionImpl [Thread-39] HHH000478: Unsuccessful: 
    drop table especialistas if exists
2021-02-03 00:02:15,688 ERROR org.hibernate.tool.schema.internal.SchemaDropperImpl$DelayedDropActionImpl [Thread-39] HHH000478: Unsuccessful: 
    drop table pacientes if exists
2021-02-03 00:02:15,690 ERROR org.hibernate.tool.schema.internal.SchemaDropperImpl$DelayedDropActionImpl [Thread-39] HHH000478: Unsuccessful: 
    drop table polizas if exists
2021-02-03 00:02:15,694 ERROR org.hibernate.tool.schema.internal.SchemaDropperImpl$DelayedDropActionImpl [Thread-39] HHH000478: Unsuccessful: 
    drop table user_rev_entity if exists
2021-02-03 00:02:15,695 ERROR org.hibernate.tool.schema.internal.SchemaDropperImpl$DelayedDropActionImpl [Thread-39] HHH000478: Unsuccessful: 
    drop table users if exists
2021-02-03 00:02:15,898 WARN org.springframework.beans.factory.support.DisposableBeanAdapter [Thread-39] Invocation of destroy method failed on bean with name 'inMemoryDatabaseShutdownExecutor': org.h2.jdbc.JdbcSQLNonTransientConnectionException: La base de datos ya esta cerrada (para des-habilitar el cerrado automatico durante el shutdown de la VM, agregue ";DB_CLOSE_ON_EXIT=FALSE" a la URL de conexión)
Database is already closed (to disable automatic closing at VM shutdown, add ";DB_CLOSE_ON_EXIT=FALSE" to the db URL) [90121-200]
2021-02-03 00:02:16,195 INFO org.springframework.boot.StartupInfoLogger [restartedMain] Starting Tempura17Application on rog0d-VirtualBox with PID 14315 (/home/rog0d/Escritorio/Uni_COVID/DP1/tempura17/dp1-2020-g3-09/target/classes started by rog0d in /home/rog0d/Escritorio/Uni_COVID/DP1/tempura17/dp1-2020-g3-09)
2021-02-03 00:02:16,198 DEBUG org.springframework.boot.StartupInfoLogger [restartedMain] Running with Spring Boot v2.2.4.RELEASE, Spring v5.2.3.RELEASE
2021-02-03 00:02:16,199 INFO org.springframework.boot.SpringApplication [restartedMain] No active profile set, falling back to default profiles: default
2021-02-03 00:02:17,800 WARN org.springframework.boot.autoconfigure.orm.jpa.JpaBaseConfiguration$JpaWebConfiguration [restartedMain] spring.jpa.open-in-view is enabled by default. Therefore, database queries may be performed during view rendering. Explicitly configure spring.jpa.open-in-view to disable this warning
2021-02-03 00:02:19,051 INFO org.springframework.boot.StartupInfoLogger [restartedMain] Started Tempura17Application in 2.888 seconds (JVM running for 1613.568)
2021-02-03 00:02:19,056 INFO com.tempura17.Tempura17Application [restartedMain] Awesomeness ahead!
2021-02-03 00:47:04,762 ERROR org.hibernate.tool.schema.internal.SchemaDropperImpl$DelayedDropActionImpl [SpringContextShutdownHook] HHH000478: Unsuccessful: 
    drop table actas if exists
2021-02-03 00:47:04,764 ERROR org.hibernate.tool.schema.internal.SchemaDropperImpl$DelayedDropActionImpl [SpringContextShutdownHook] HHH000478: Unsuccessful: 
    drop table aseguradoras if exists
2021-02-03 00:47:04,767 ERROR org.hibernate.tool.schema.internal.SchemaDropperImpl$DelayedDropActionImpl [SpringContextShutdownHook] HHH000478: Unsuccessful: 
    drop table citas if exists
2021-02-03 00:47:04,767 ERROR org.hibernate.tool.schema.internal.SchemaDropperImpl$DelayedDropActionImpl [SpringContextShutdownHook] HHH000478: Unsuccessful: 
    drop table especialistas if exists
2021-02-03 00:47:04,771 ERROR org.hibernate.tool.schema.internal.SchemaDropperImpl$DelayedDropActionImpl [SpringContextShutdownHook] HHH000478: Unsuccessful: 
    drop table pacientes if exists
2021-02-03 00:47:04,771 ERROR org.hibernate.tool.schema.internal.SchemaDropperImpl$DelayedDropActionImpl [SpringContextShutdownHook] HHH000478: Unsuccessful: 
    drop table polizas if exists
2021-02-03 00:47:04,778 ERROR org.hibernate.tool.schema.internal.SchemaDropperImpl$DelayedDropActionImpl [SpringContextShutdownHook] HHH000478: Unsuccessful: 
    drop table user_rev_entity if exists
2021-02-03 00:47:04,779 ERROR org.hibernate.tool.schema.internal.SchemaDropperImpl$DelayedDropActionImpl [SpringContextShutdownHook] HHH000478: Unsuccessful: 
    drop table users if exists
2021-02-03 00:47:04,980 WARN org.springframework.beans.factory.support.DisposableBeanAdapter [SpringContextShutdownHook] Invocation of destroy method failed on bean with name 'inMemoryDatabaseShutdownExecutor': org.h2.jdbc.JdbcSQLNonTransientConnectionException: La base de datos ya esta cerrada (para des-habilitar el cerrado automatico durante el shutdown de la VM, agregue ";DB_CLOSE_ON_EXIT=FALSE" a la URL de conexión)
Database is already closed (to disable automatic closing at VM shutdown, add ";DB_CLOSE_ON_EXIT=FALSE" to the db URL) [90121-200]
