2021-01-18 14:08:11,414 WARN org.springframework.boot.StartupInfoLogger [restartedMain] InetAddress.getLocalHost().getHostName() took 5008 milliseconds to respond. Please verify your network configuration (macOS machines may need to add entries to /etc/hosts).
2021-01-18 14:08:16,440 INFO org.springframework.boot.StartupInfoLogger [restartedMain] Starting Tempura17Application on Antonios.local with PID 19660 (/Users/antonio/Desktop/tmp/dp1-2020-g3-09/target/classes started by antonio in /Users/antonio/Desktop/tmp/dp1-2020-g3-09)
2021-01-18 14:08:16,441 DEBUG org.springframework.boot.StartupInfoLogger [restartedMain] Running with Spring Boot v2.2.4.RELEASE, Spring v5.2.3.RELEASE
2021-01-18 14:08:16,442 INFO org.springframework.boot.SpringApplication [restartedMain] No active profile set, falling back to default profiles: default
2021-01-18 14:08:24,345 WARN org.springframework.boot.autoconfigure.orm.jpa.JpaBaseConfiguration$JpaWebConfiguration [restartedMain] spring.jpa.open-in-view is enabled by default. Therefore, database queries may be performed during view rendering. Explicitly configure spring.jpa.open-in-view to disable this warning
2021-01-18 14:08:27,489 INFO org.springframework.boot.StartupInfoLogger [restartedMain] Started Tempura17Application in 31.988 seconds (JVM running for 34.263)
2021-01-18 14:08:27,493 INFO com.tempura17.Tempura17Application [restartedMain] Awesomeness ahead!
2021-01-18 14:08:58,117 DEBUG com.tempura17.web.LoggingController [http-nio-8080-exec-1] A DEBUG Message
2021-01-18 14:08:58,121 INFO com.tempura17.web.LoggingController [http-nio-8080-exec-1] An INFO Message
2021-01-18 14:08:58,127 WARN com.tempura17.web.LoggingController [http-nio-8080-exec-1] A WARN Message
2021-01-18 14:08:58,135 ERROR com.tempura17.web.LoggingController [http-nio-8080-exec-1] An ERROR Message
2021-01-18 14:10:09,865 ERROR org.hibernate.tool.schema.internal.SchemaDropperImpl$DelayedDropActionImpl [SpringContextShutdownHook] HHH000478: Unsuccessful: 
    drop table actas if exists
2021-01-18 14:10:09,924 ERROR org.hibernate.tool.schema.internal.SchemaDropperImpl$DelayedDropActionImpl [SpringContextShutdownHook] HHH000478: Unsuccessful: 
    drop table aseguradoras if exists
2021-01-18 14:10:09,950 ERROR org.hibernate.tool.schema.internal.SchemaDropperImpl$DelayedDropActionImpl [SpringContextShutdownHook] HHH000478: Unsuccessful: 
    drop table citas if exists
2021-01-18 14:10:09,956 ERROR org.hibernate.tool.schema.internal.SchemaDropperImpl$DelayedDropActionImpl [SpringContextShutdownHook] HHH000478: Unsuccessful: 
    drop table especialistas if exists
2021-01-18 14:10:09,963 ERROR org.hibernate.tool.schema.internal.SchemaDropperImpl$DelayedDropActionImpl [SpringContextShutdownHook] HHH000478: Unsuccessful: 
    drop table pacientes if exists
2021-01-18 14:10:09,964 ERROR org.hibernate.tool.schema.internal.SchemaDropperImpl$DelayedDropActionImpl [SpringContextShutdownHook] HHH000478: Unsuccessful: 
    drop table polizas if exists
2021-01-18 14:10:09,979 ERROR org.hibernate.tool.schema.internal.SchemaDropperImpl$DelayedDropActionImpl [SpringContextShutdownHook] HHH000478: Unsuccessful: 
    drop table users if exists
2021-01-18 14:10:10,256 WARN org.springframework.beans.factory.support.DisposableBeanAdapter [SpringContextShutdownHook] Invocation of destroy method failed on bean with name 'inMemoryDatabaseShutdownExecutor': org.h2.jdbc.JdbcSQLNonTransientConnectionException: Database is already closed (to disable automatic closing at VM shutdown, add ";DB_CLOSE_ON_EXIT=FALSE" to the db URL) [90121-200]
