2021-01-28 12:42:35,575 WARN org.springframework.boot.StartupInfoLogger [restartedMain] InetAddress.getLocalHost().getHostName() took 5002 milliseconds to respond. Please verify your network configuration (macOS machines may need to add entries to /etc/hosts).
2021-01-28 12:42:40,596 INFO org.springframework.boot.StartupInfoLogger [restartedMain] Starting Tempura17Application on Antonios.local with PID 5206 (/Users/antonio/Desktop/tmp/dp1-2020-g3-09/target/classes started by antonio in /Users/antonio/Desktop/tmp/dp1-2020-g3-09)
2021-01-28 12:42:40,597 DEBUG org.springframework.boot.StartupInfoLogger [restartedMain] Running with Spring Boot v2.2.4.RELEASE, Spring v5.2.3.RELEASE
2021-01-28 12:42:40,598 INFO org.springframework.boot.SpringApplication [restartedMain] No active profile set, falling back to default profiles: default
2021-01-28 12:42:49,381 WARN org.springframework.boot.autoconfigure.orm.jpa.JpaBaseConfiguration$JpaWebConfiguration [restartedMain] spring.jpa.open-in-view is enabled by default. Therefore, database queries may be performed during view rendering. Explicitly configure spring.jpa.open-in-view to disable this warning
2021-01-28 12:42:52,156 INFO org.springframework.boot.StartupInfoLogger [restartedMain] Started Tempura17Application in 32.331 seconds (JVM running for 33.104)
2021-01-28 12:42:52,162 INFO com.tempura17.Tempura17Application [restartedMain] Awesomeness ahead!
2021-01-28 12:49:52,240 ERROR org.hibernate.tool.schema.internal.SchemaDropperImpl$DelayedDropActionImpl [Thread-5] HHH000478: Unsuccessful: 
    drop table actas if exists
2021-01-28 12:49:52,366 ERROR org.hibernate.tool.schema.internal.SchemaDropperImpl$DelayedDropActionImpl [Thread-5] HHH000478: Unsuccessful: 
    drop table aseguradoras if exists
2021-01-28 12:49:52,378 ERROR org.hibernate.tool.schema.internal.SchemaDropperImpl$DelayedDropActionImpl [Thread-5] HHH000478: Unsuccessful: 
    drop table citas if exists
2021-01-28 12:49:52,468 ERROR org.hibernate.tool.schema.internal.SchemaDropperImpl$DelayedDropActionImpl [Thread-5] HHH000478: Unsuccessful: 
    drop table especialistas if exists
2021-01-28 12:49:52,474 ERROR org.hibernate.tool.schema.internal.SchemaDropperImpl$DelayedDropActionImpl [Thread-5] HHH000478: Unsuccessful: 
    drop table pacientes if exists
2021-01-28 12:49:52,477 ERROR org.hibernate.tool.schema.internal.SchemaDropperImpl$DelayedDropActionImpl [Thread-5] HHH000478: Unsuccessful: 
    drop table polizas if exists
2021-01-28 12:49:52,488 ERROR org.hibernate.tool.schema.internal.SchemaDropperImpl$DelayedDropActionImpl [Thread-5] HHH000478: Unsuccessful: 
    drop table user_rev_entity if exists
2021-01-28 12:49:52,567 ERROR org.hibernate.tool.schema.internal.SchemaDropperImpl$DelayedDropActionImpl [Thread-5] HHH000478: Unsuccessful: 
    drop table users if exists
2021-01-28 12:49:52,832 WARN org.springframework.beans.factory.support.DisposableBeanAdapter [Thread-5] Invocation of destroy method failed on bean with name 'inMemoryDatabaseShutdownExecutor': org.h2.jdbc.JdbcSQLNonTransientConnectionException: Database is already closed (to disable automatic closing at VM shutdown, add ";DB_CLOSE_ON_EXIT=FALSE" to the db URL) [90121-200]
2021-01-28 12:50:08,798 WARN org.springframework.boot.StartupInfoLogger [restartedMain] InetAddress.getLocalHost().getHostName() took 5001 milliseconds to respond. Please verify your network configuration (macOS machines may need to add entries to /etc/hosts).
2021-01-28 12:50:13,816 INFO org.springframework.boot.StartupInfoLogger [restartedMain] Starting Tempura17Application on Antonios.local with PID 5206 (/Users/antonio/Desktop/tmp/dp1-2020-g3-09/target/classes started by antonio in /Users/antonio/Desktop/tmp/dp1-2020-g3-09)
2021-01-28 12:50:13,817 DEBUG org.springframework.boot.StartupInfoLogger [restartedMain] Running with Spring Boot v2.2.4.RELEASE, Spring v5.2.3.RELEASE
2021-01-28 12:50:13,819 INFO org.springframework.boot.SpringApplication [restartedMain] No active profile set, falling back to default profiles: default
2021-01-28 12:50:17,039 WARN org.springframework.boot.autoconfigure.orm.jpa.JpaBaseConfiguration$JpaWebConfiguration [restartedMain] spring.jpa.open-in-view is enabled by default. Therefore, database queries may be performed during view rendering. Explicitly configure spring.jpa.open-in-view to disable this warning
2021-01-28 12:50:18,564 INFO org.springframework.boot.StartupInfoLogger [restartedMain] Started Tempura17Application in 24.854 seconds (JVM running for 479.48)
2021-01-28 12:50:18,570 INFO com.tempura17.Tempura17Application [restartedMain] Awesomeness ahead!
2021-01-28 12:57:49,996 ERROR org.hibernate.tool.schema.internal.SchemaDropperImpl$DelayedDropActionImpl [Thread-10] HHH000478: Unsuccessful: 
    drop table actas if exists
2021-01-28 12:57:50,180 ERROR org.hibernate.tool.schema.internal.SchemaDropperImpl$DelayedDropActionImpl [Thread-10] HHH000478: Unsuccessful: 
    drop table aseguradoras if exists
2021-01-28 12:57:50,196 ERROR org.hibernate.tool.schema.internal.SchemaDropperImpl$DelayedDropActionImpl [Thread-10] HHH000478: Unsuccessful: 
    drop table citas if exists
2021-01-28 12:57:50,212 ERROR org.hibernate.tool.schema.internal.SchemaDropperImpl$DelayedDropActionImpl [Thread-10] HHH000478: Unsuccessful: 
    drop table especialistas if exists
2021-01-28 12:57:50,217 ERROR org.hibernate.tool.schema.internal.SchemaDropperImpl$DelayedDropActionImpl [Thread-10] HHH000478: Unsuccessful: 
    drop table pacientes if exists
2021-01-28 12:57:50,220 ERROR org.hibernate.tool.schema.internal.SchemaDropperImpl$DelayedDropActionImpl [Thread-10] HHH000478: Unsuccessful: 
    drop table polizas if exists
2021-01-28 12:57:50,224 ERROR org.hibernate.tool.schema.internal.SchemaDropperImpl$DelayedDropActionImpl [Thread-10] HHH000478: Unsuccessful: 
    drop table user_rev_entity if exists
2021-01-28 12:57:50,225 ERROR org.hibernate.tool.schema.internal.SchemaDropperImpl$DelayedDropActionImpl [Thread-10] HHH000478: Unsuccessful: 
    drop table users if exists
2021-01-28 12:57:50,449 WARN org.springframework.beans.factory.support.DisposableBeanAdapter [Thread-10] Invocation of destroy method failed on bean with name 'inMemoryDatabaseShutdownExecutor': org.h2.jdbc.JdbcSQLNonTransientConnectionException: Database is already closed (to disable automatic closing at VM shutdown, add ";DB_CLOSE_ON_EXIT=FALSE" to the db URL) [90121-200]
2021-01-28 12:58:06,500 WARN org.springframework.boot.StartupInfoLogger [restartedMain] InetAddress.getLocalHost().getHostName() took 5001 milliseconds to respond. Please verify your network configuration (macOS machines may need to add entries to /etc/hosts).
2021-01-28 12:58:11,512 INFO org.springframework.boot.StartupInfoLogger [restartedMain] Starting Tempura17Application on Antonios.local with PID 5206 (/Users/antonio/Desktop/tmp/dp1-2020-g3-09/target/classes started by antonio in /Users/antonio/Desktop/tmp/dp1-2020-g3-09)
2021-01-28 12:58:11,513 DEBUG org.springframework.boot.StartupInfoLogger [restartedMain] Running with Spring Boot v2.2.4.RELEASE, Spring v5.2.3.RELEASE
2021-01-28 12:58:11,513 INFO org.springframework.boot.SpringApplication [restartedMain] No active profile set, falling back to default profiles: default
2021-01-28 12:58:14,667 WARN org.springframework.boot.autoconfigure.orm.jpa.JpaBaseConfiguration$JpaWebConfiguration [restartedMain] spring.jpa.open-in-view is enabled by default. Therefore, database queries may be performed during view rendering. Explicitly configure spring.jpa.open-in-view to disable this warning
2021-01-28 12:58:16,375 INFO org.springframework.boot.StartupInfoLogger [restartedMain] Started Tempura17Application in 24.962 seconds (JVM running for 957.282)
2021-01-28 12:58:16,383 INFO com.tempura17.Tempura17Application [restartedMain] Awesomeness ahead!
2021-01-28 13:00:15,027 WARN org.springframework.web.servlet.handler.AbstractHandlerExceptionResolver [http-nio-8080-exec-1] Resolved [java.lang.IndexOutOfBoundsException: Index: 1, Size: 1]
2021-01-28 13:01:01,789 ERROR org.hibernate.tool.schema.internal.SchemaDropperImpl$DelayedDropActionImpl [Thread-16] HHH000478: Unsuccessful: 
    drop table actas if exists
2021-01-28 13:01:01,805 ERROR org.hibernate.tool.schema.internal.SchemaDropperImpl$DelayedDropActionImpl [Thread-16] HHH000478: Unsuccessful: 
    drop table aseguradoras if exists
2021-01-28 13:01:01,814 ERROR org.hibernate.tool.schema.internal.SchemaDropperImpl$DelayedDropActionImpl [Thread-16] HHH000478: Unsuccessful: 
    drop table citas if exists
2021-01-28 13:01:01,821 ERROR org.hibernate.tool.schema.internal.SchemaDropperImpl$DelayedDropActionImpl [Thread-16] HHH000478: Unsuccessful: 
    drop table especialistas if exists
2021-01-28 13:01:01,824 ERROR org.hibernate.tool.schema.internal.SchemaDropperImpl$DelayedDropActionImpl [Thread-16] HHH000478: Unsuccessful: 
    drop table pacientes if exists
2021-01-28 13:01:01,830 ERROR org.hibernate.tool.schema.internal.SchemaDropperImpl$DelayedDropActionImpl [Thread-16] HHH000478: Unsuccessful: 
    drop table polizas if exists
2021-01-28 13:01:01,839 ERROR org.hibernate.tool.schema.internal.SchemaDropperImpl$DelayedDropActionImpl [Thread-16] HHH000478: Unsuccessful: 
    drop table user_rev_entity if exists
2021-01-28 13:01:01,842 ERROR org.hibernate.tool.schema.internal.SchemaDropperImpl$DelayedDropActionImpl [Thread-16] HHH000478: Unsuccessful: 
    drop table users if exists
2021-01-28 13:01:02,062 WARN org.springframework.beans.factory.support.DisposableBeanAdapter [Thread-16] Invocation of destroy method failed on bean with name 'inMemoryDatabaseShutdownExecutor': org.h2.jdbc.JdbcSQLNonTransientConnectionException: Database is already closed (to disable automatic closing at VM shutdown, add ";DB_CLOSE_ON_EXIT=FALSE" to the db URL) [90121-200]
2021-01-28 13:01:18,058 WARN org.springframework.boot.StartupInfoLogger [restartedMain] InetAddress.getLocalHost().getHostName() took 5004 milliseconds to respond. Please verify your network configuration (macOS machines may need to add entries to /etc/hosts).
2021-01-28 13:01:23,065 INFO org.springframework.boot.StartupInfoLogger [restartedMain] Starting Tempura17Application on Antonios.local with PID 5206 (/Users/antonio/Desktop/tmp/dp1-2020-g3-09/target/classes started by antonio in /Users/antonio/Desktop/tmp/dp1-2020-g3-09)
2021-01-28 13:01:23,065 DEBUG org.springframework.boot.StartupInfoLogger [restartedMain] Running with Spring Boot v2.2.4.RELEASE, Spring v5.2.3.RELEASE
2021-01-28 13:01:23,066 INFO org.springframework.boot.SpringApplication [restartedMain] No active profile set, falling back to default profiles: default
2021-01-28 13:01:24,461 WARN org.springframework.boot.autoconfigure.orm.jpa.JpaBaseConfiguration$JpaWebConfiguration [restartedMain] spring.jpa.open-in-view is enabled by default. Therefore, database queries may be performed during view rendering. Explicitly configure spring.jpa.open-in-view to disable this warning
2021-01-28 13:01:25,459 INFO org.springframework.boot.StartupInfoLogger [restartedMain] Started Tempura17Application in 22.504 seconds (JVM running for 1146.362)
2021-01-28 13:01:25,463 INFO com.tempura17.Tempura17Application [restartedMain] Awesomeness ahead!
2021-01-28 13:02:05,985 WARN org.hibernate.engine.jdbc.spi.SqlExceptionHelper [http-nio-8080-exec-1] SQL Error: 23503, SQLState: 23503
2021-01-28 13:02:05,993 ERROR org.hibernate.engine.jdbc.spi.SqlExceptionHelper [http-nio-8080-exec-1] Referential integrity constraint violation: "FKM8EOODVP9BY8E6FXNTJ6F2OXB: PUBLIC.ACTAS FOREIGN KEY(ESPECIALISTA_ID) REFERENCES PUBLIC.ESPECIALISTAS(ID) (1)"; SQL statement:
delete from especialistas where id=? [23503-200]
2021-01-28 13:02:06,031 WARN org.springframework.web.servlet.handler.AbstractHandlerExceptionResolver [http-nio-8080-exec-1] Resolved [org.springframework.dao.DataIntegrityViolationException: could not execute statement; SQL [n/a]; constraint ["FKM8EOODVP9BY8E6FXNTJ6F2OXB: PUBLIC.ACTAS FOREIGN KEY(ESPECIALISTA_ID) REFERENCES PUBLIC.ESPECIALISTAS(ID) (1)"; SQL statement:
delete from especialistas where id=? [23503-200]]; nested exception is org.hibernate.exception.ConstraintViolationException: could not execute statement]
2021-01-28 13:02:31,009 ERROR org.hibernate.tool.schema.internal.SchemaDropperImpl$DelayedDropActionImpl [Thread-21] HHH000478: Unsuccessful: 
    drop table actas if exists
2021-01-28 13:02:31,062 ERROR org.hibernate.tool.schema.internal.SchemaDropperImpl$DelayedDropActionImpl [Thread-21] HHH000478: Unsuccessful: 
    drop table aseguradoras if exists
2021-01-28 13:02:31,099 ERROR org.hibernate.tool.schema.internal.SchemaDropperImpl$DelayedDropActionImpl [Thread-21] HHH000478: Unsuccessful: 
    drop table citas if exists
2021-01-28 13:02:31,112 ERROR org.hibernate.tool.schema.internal.SchemaDropperImpl$DelayedDropActionImpl [Thread-21] HHH000478: Unsuccessful: 
    drop table especialistas if exists
2021-01-28 13:02:31,120 ERROR org.hibernate.tool.schema.internal.SchemaDropperImpl$DelayedDropActionImpl [Thread-21] HHH000478: Unsuccessful: 
    drop table pacientes if exists
2021-01-28 13:02:31,122 ERROR org.hibernate.tool.schema.internal.SchemaDropperImpl$DelayedDropActionImpl [Thread-21] HHH000478: Unsuccessful: 
    drop table polizas if exists
2021-01-28 13:02:31,134 ERROR org.hibernate.tool.schema.internal.SchemaDropperImpl$DelayedDropActionImpl [Thread-21] HHH000478: Unsuccessful: 
    drop table user_rev_entity if exists
2021-01-28 13:02:31,135 ERROR org.hibernate.tool.schema.internal.SchemaDropperImpl$DelayedDropActionImpl [Thread-21] HHH000478: Unsuccessful: 
    drop table users if exists
2021-01-28 13:02:31,350 WARN org.springframework.beans.factory.support.DisposableBeanAdapter [Thread-21] Invocation of destroy method failed on bean with name 'inMemoryDatabaseShutdownExecutor': org.h2.jdbc.JdbcSQLNonTransientConnectionException: Database is already closed (to disable automatic closing at VM shutdown, add ";DB_CLOSE_ON_EXIT=FALSE" to the db URL) [90121-200]
2021-01-28 13:02:48,078 WARN org.springframework.boot.StartupInfoLogger [restartedMain] InetAddress.getLocalHost().getHostName() took 5004 milliseconds to respond. Please verify your network configuration (macOS machines may need to add entries to /etc/hosts).
2021-01-28 13:02:53,082 INFO org.springframework.boot.StartupInfoLogger [restartedMain] Starting Tempura17Application on Antonios.local with PID 5206 (/Users/antonio/Desktop/tmp/dp1-2020-g3-09/target/classes started by antonio in /Users/antonio/Desktop/tmp/dp1-2020-g3-09)
2021-01-28 13:02:53,083 DEBUG org.springframework.boot.StartupInfoLogger [restartedMain] Running with Spring Boot v2.2.4.RELEASE, Spring v5.2.3.RELEASE
2021-01-28 13:02:53,083 INFO org.springframework.boot.SpringApplication [restartedMain] No active profile set, falling back to default profiles: default
2021-01-28 13:02:56,207 WARN org.springframework.boot.autoconfigure.orm.jpa.JpaBaseConfiguration$JpaWebConfiguration [restartedMain] spring.jpa.open-in-view is enabled by default. Therefore, database queries may be performed during view rendering. Explicitly configure spring.jpa.open-in-view to disable this warning
2021-01-28 13:02:57,910 INFO org.springframework.boot.StartupInfoLogger [restartedMain] Started Tempura17Application in 24.927 seconds (JVM running for 1238.812)
2021-01-28 13:02:57,914 INFO com.tempura17.Tempura17Application [restartedMain] Awesomeness ahead!
2021-01-28 13:12:08,674 ERROR org.hibernate.tool.schema.internal.SchemaDropperImpl$DelayedDropActionImpl [Thread-26] HHH000478: Unsuccessful: 
    drop table actas if exists
2021-01-28 13:12:08,703 ERROR org.hibernate.tool.schema.internal.SchemaDropperImpl$DelayedDropActionImpl [Thread-26] HHH000478: Unsuccessful: 
    drop table aseguradoras if exists
2021-01-28 13:12:08,902 ERROR org.hibernate.tool.schema.internal.SchemaDropperImpl$DelayedDropActionImpl [Thread-26] HHH000478: Unsuccessful: 
    drop table citas if exists
2021-01-28 13:12:08,904 ERROR org.hibernate.tool.schema.internal.SchemaDropperImpl$DelayedDropActionImpl [Thread-26] HHH000478: Unsuccessful: 
    drop table especialistas if exists
2021-01-28 13:12:08,912 ERROR org.hibernate.tool.schema.internal.SchemaDropperImpl$DelayedDropActionImpl [Thread-26] HHH000478: Unsuccessful: 
    drop table pacientes if exists
2021-01-28 13:12:08,935 ERROR org.hibernate.tool.schema.internal.SchemaDropperImpl$DelayedDropActionImpl [Thread-26] HHH000478: Unsuccessful: 
    drop table polizas if exists
2021-01-28 13:12:08,939 ERROR org.hibernate.tool.schema.internal.SchemaDropperImpl$DelayedDropActionImpl [Thread-26] HHH000478: Unsuccessful: 
    drop table user_rev_entity if exists
2021-01-28 13:12:08,939 ERROR org.hibernate.tool.schema.internal.SchemaDropperImpl$DelayedDropActionImpl [Thread-26] HHH000478: Unsuccessful: 
    drop table users if exists
2021-01-28 13:12:09,174 WARN org.springframework.beans.factory.support.DisposableBeanAdapter [Thread-26] Invocation of destroy method failed on bean with name 'inMemoryDatabaseShutdownExecutor': org.h2.jdbc.JdbcSQLNonTransientConnectionException: Database is already closed (to disable automatic closing at VM shutdown, add ";DB_CLOSE_ON_EXIT=FALSE" to the db URL) [90121-200]
2021-01-28 13:16:07,067 WARN org.springframework.boot.StartupInfoLogger [restartedMain] InetAddress.getLocalHost().getHostName() took 5007 milliseconds to respond. Please verify your network configuration (macOS machines may need to add entries to /etc/hosts).
2021-01-28 13:16:12,082 INFO org.springframework.boot.StartupInfoLogger [restartedMain] Starting Tempura17Application on Antonios.local with PID 5206 (/Users/antonio/Desktop/tmp/dp1-2020-g3-09/target/classes started by antonio in /Users/antonio/Desktop/tmp/dp1-2020-g3-09)
2021-01-28 13:16:12,084 DEBUG org.springframework.boot.StartupInfoLogger [restartedMain] Running with Spring Boot v2.2.4.RELEASE, Spring v5.2.3.RELEASE
2021-01-28 13:16:12,087 INFO org.springframework.boot.SpringApplication [restartedMain] No active profile set, falling back to default profiles: default
2021-01-28 13:16:15,159 WARN org.springframework.boot.autoconfigure.orm.jpa.JpaBaseConfiguration$JpaWebConfiguration [restartedMain] spring.jpa.open-in-view is enabled by default. Therefore, database queries may be performed during view rendering. Explicitly configure spring.jpa.open-in-view to disable this warning
2021-01-28 13:16:16,317 INFO org.springframework.boot.StartupInfoLogger [restartedMain] Started Tempura17Application in 24.334 seconds (JVM running for 2037.166)
2021-01-28 13:16:16,321 INFO com.tempura17.Tempura17Application [restartedMain] Awesomeness ahead!
2021-01-28 13:17:51,420 ERROR org.hibernate.tool.schema.internal.SchemaDropperImpl$DelayedDropActionImpl [Thread-41] HHH000478: Unsuccessful: 
    drop table actas if exists
2021-01-28 13:17:51,440 ERROR org.hibernate.tool.schema.internal.SchemaDropperImpl$DelayedDropActionImpl [Thread-41] HHH000478: Unsuccessful: 
    drop table aseguradoras if exists
2021-01-28 13:17:51,446 ERROR org.hibernate.tool.schema.internal.SchemaDropperImpl$DelayedDropActionImpl [Thread-41] HHH000478: Unsuccessful: 
    drop table citas if exists
2021-01-28 13:17:51,453 ERROR org.hibernate.tool.schema.internal.SchemaDropperImpl$DelayedDropActionImpl [Thread-41] HHH000478: Unsuccessful: 
    drop table especialistas if exists
2021-01-28 13:17:51,455 ERROR org.hibernate.tool.schema.internal.SchemaDropperImpl$DelayedDropActionImpl [Thread-41] HHH000478: Unsuccessful: 
    drop table pacientes if exists
2021-01-28 13:17:51,467 ERROR org.hibernate.tool.schema.internal.SchemaDropperImpl$DelayedDropActionImpl [Thread-41] HHH000478: Unsuccessful: 
    drop table polizas if exists
2021-01-28 13:17:51,469 ERROR org.hibernate.tool.schema.internal.SchemaDropperImpl$DelayedDropActionImpl [Thread-41] HHH000478: Unsuccessful: 
    drop table user_rev_entity if exists
2021-01-28 13:17:51,470 ERROR org.hibernate.tool.schema.internal.SchemaDropperImpl$DelayedDropActionImpl [Thread-41] HHH000478: Unsuccessful: 
    drop table users if exists
2021-01-28 13:17:51,685 WARN org.springframework.beans.factory.support.DisposableBeanAdapter [Thread-41] Invocation of destroy method failed on bean with name 'inMemoryDatabaseShutdownExecutor': org.h2.jdbc.JdbcSQLNonTransientConnectionException: Database is already closed (to disable automatic closing at VM shutdown, add ";DB_CLOSE_ON_EXIT=FALSE" to the db URL) [90121-200]
2021-01-28 13:18:08,118 WARN org.springframework.boot.StartupInfoLogger [restartedMain] InetAddress.getLocalHost().getHostName() took 5005 milliseconds to respond. Please verify your network configuration (macOS machines may need to add entries to /etc/hosts).
2021-01-28 13:18:13,125 INFO org.springframework.boot.StartupInfoLogger [restartedMain] Starting Tempura17Application on Antonios.local with PID 5206 (/Users/antonio/Desktop/tmp/dp1-2020-g3-09/target/classes started by antonio in /Users/antonio/Desktop/tmp/dp1-2020-g3-09)
2021-01-28 13:18:13,126 DEBUG org.springframework.boot.StartupInfoLogger [restartedMain] Running with Spring Boot v2.2.4.RELEASE, Spring v5.2.3.RELEASE
2021-01-28 13:18:13,126 INFO org.springframework.boot.SpringApplication [restartedMain] No active profile set, falling back to default profiles: default
2021-01-28 13:18:15,380 WARN org.springframework.boot.autoconfigure.orm.jpa.JpaBaseConfiguration$JpaWebConfiguration [restartedMain] spring.jpa.open-in-view is enabled by default. Therefore, database queries may be performed during view rendering. Explicitly configure spring.jpa.open-in-view to disable this warning
2021-01-28 13:18:16,781 INFO org.springframework.boot.StartupInfoLogger [restartedMain] Started Tempura17Application in 23.747 seconds (JVM running for 2157.626)
2021-01-28 13:18:16,791 INFO com.tempura17.Tempura17Application [restartedMain] Awesomeness ahead!
2021-01-28 13:26:09,411 ERROR org.hibernate.tool.schema.internal.SchemaDropperImpl$DelayedDropActionImpl [SpringContextShutdownHook] HHH000478: Unsuccessful: 
    drop table actas if exists
2021-01-28 13:26:09,433 ERROR org.hibernate.tool.schema.internal.SchemaDropperImpl$DelayedDropActionImpl [SpringContextShutdownHook] HHH000478: Unsuccessful: 
    drop table aseguradoras if exists
2021-01-28 13:26:09,438 ERROR org.hibernate.tool.schema.internal.SchemaDropperImpl$DelayedDropActionImpl [SpringContextShutdownHook] HHH000478: Unsuccessful: 
    drop table citas if exists
2021-01-28 13:26:09,443 ERROR org.hibernate.tool.schema.internal.SchemaDropperImpl$DelayedDropActionImpl [SpringContextShutdownHook] HHH000478: Unsuccessful: 
    drop table especialistas if exists
2021-01-28 13:26:09,452 ERROR org.hibernate.tool.schema.internal.SchemaDropperImpl$DelayedDropActionImpl [SpringContextShutdownHook] HHH000478: Unsuccessful: 
    drop table pacientes if exists
2021-01-28 13:26:09,453 ERROR org.hibernate.tool.schema.internal.SchemaDropperImpl$DelayedDropActionImpl [SpringContextShutdownHook] HHH000478: Unsuccessful: 
    drop table polizas if exists
2021-01-28 13:26:09,457 ERROR org.hibernate.tool.schema.internal.SchemaDropperImpl$DelayedDropActionImpl [SpringContextShutdownHook] HHH000478: Unsuccessful: 
    drop table user_rev_entity if exists
2021-01-28 13:26:09,458 ERROR org.hibernate.tool.schema.internal.SchemaDropperImpl$DelayedDropActionImpl [SpringContextShutdownHook] HHH000478: Unsuccessful: 
    drop table users if exists
2021-01-28 13:26:09,712 WARN org.springframework.beans.factory.support.DisposableBeanAdapter [SpringContextShutdownHook] Invocation of destroy method failed on bean with name 'inMemoryDatabaseShutdownExecutor': org.h2.jdbc.JdbcSQLNonTransientConnectionException: Database is already closed (to disable automatic closing at VM shutdown, add ";DB_CLOSE_ON_EXIT=FALSE" to the db URL) [90121-200]
2021-01-28 13:26:32,857 WARN org.springframework.boot.StartupInfoLogger [main] InetAddress.getLocalHost().getHostName() took 5006 milliseconds to respond. Please verify your network configuration (macOS machines may need to add entries to /etc/hosts).
2021-01-28 13:26:37,878 INFO org.springframework.boot.StartupInfoLogger [main] Starting CitaServiceTests on Antonios.local with PID 22900 (started by antonio in /Users/antonio/Desktop/tmp/dp1-2020-g3-09)
2021-01-28 13:26:37,881 DEBUG org.springframework.boot.StartupInfoLogger [main] Running with Spring Boot v2.2.4.RELEASE, Spring v5.2.3.RELEASE
2021-01-28 13:26:37,891 INFO org.springframework.boot.SpringApplication [main] No active profile set, falling back to default profiles: default
2021-01-28 13:26:52,735 INFO org.springframework.boot.StartupInfoLogger [main] Started CitaServiceTests in 35.718 seconds (JVM running for 37.895)
2021-01-28 13:26:54,061 ERROR org.hibernate.tool.schema.internal.SchemaDropperImpl$DelayedDropActionImpl [SpringContextShutdownHook] HHH000478: Unsuccessful: 
    drop table actas if exists
2021-01-28 13:26:54,076 ERROR org.hibernate.tool.schema.internal.SchemaDropperImpl$DelayedDropActionImpl [SpringContextShutdownHook] HHH000478: Unsuccessful: 
    drop table aseguradoras if exists
2021-01-28 13:26:54,087 ERROR org.hibernate.tool.schema.internal.SchemaDropperImpl$DelayedDropActionImpl [SpringContextShutdownHook] HHH000478: Unsuccessful: 
    drop table citas if exists
2021-01-28 13:26:54,089 ERROR org.hibernate.tool.schema.internal.SchemaDropperImpl$DelayedDropActionImpl [SpringContextShutdownHook] HHH000478: Unsuccessful: 
    drop table especialistas if exists
2021-01-28 13:26:54,094 ERROR org.hibernate.tool.schema.internal.SchemaDropperImpl$DelayedDropActionImpl [SpringContextShutdownHook] HHH000478: Unsuccessful: 
    drop table pacientes if exists
2021-01-28 13:26:54,097 ERROR org.hibernate.tool.schema.internal.SchemaDropperImpl$DelayedDropActionImpl [SpringContextShutdownHook] HHH000478: Unsuccessful: 
    drop table polizas if exists
2021-01-28 13:26:54,104 ERROR org.hibernate.tool.schema.internal.SchemaDropperImpl$DelayedDropActionImpl [SpringContextShutdownHook] HHH000478: Unsuccessful: 
    drop table user_rev_entity if exists
2021-01-28 13:26:54,106 ERROR org.hibernate.tool.schema.internal.SchemaDropperImpl$DelayedDropActionImpl [SpringContextShutdownHook] HHH000478: Unsuccessful: 
    drop table users if exists
2021-01-28 13:33:22,645 WARN org.springframework.boot.StartupInfoLogger [main] InetAddress.getLocalHost().getHostName() took 5001 milliseconds to respond. Please verify your network configuration (macOS machines may need to add entries to /etc/hosts).
2021-01-28 13:33:27,656 INFO org.springframework.boot.StartupInfoLogger [main] Starting CitaServiceTests on Antonios.local with PID 25780 (started by antonio in /Users/antonio/Desktop/tmp/dp1-2020-g3-09)
2021-01-28 13:33:27,658 DEBUG org.springframework.boot.StartupInfoLogger [main] Running with Spring Boot v2.2.4.RELEASE, Spring v5.2.3.RELEASE
2021-01-28 13:33:27,663 INFO org.springframework.boot.SpringApplication [main] No active profile set, falling back to default profiles: default
2021-01-28 13:33:39,090 INFO org.springframework.boot.StartupInfoLogger [main] Started CitaServiceTests in 32.265 seconds (JVM running for 35.235)
2021-01-28 13:33:40,208 ERROR org.hibernate.tool.schema.internal.SchemaDropperImpl$DelayedDropActionImpl [SpringContextShutdownHook] HHH000478: Unsuccessful: 
    drop table actas if exists
2021-01-28 13:33:40,222 ERROR org.hibernate.tool.schema.internal.SchemaDropperImpl$DelayedDropActionImpl [SpringContextShutdownHook] HHH000478: Unsuccessful: 
    drop table aseguradoras if exists
2021-01-28 13:33:40,232 ERROR org.hibernate.tool.schema.internal.SchemaDropperImpl$DelayedDropActionImpl [SpringContextShutdownHook] HHH000478: Unsuccessful: 
    drop table citas if exists
2021-01-28 13:33:40,235 ERROR org.hibernate.tool.schema.internal.SchemaDropperImpl$DelayedDropActionImpl [SpringContextShutdownHook] HHH000478: Unsuccessful: 
    drop table especialistas if exists
2021-01-28 13:33:40,240 ERROR org.hibernate.tool.schema.internal.SchemaDropperImpl$DelayedDropActionImpl [SpringContextShutdownHook] HHH000478: Unsuccessful: 
    drop table pacientes if exists
2021-01-28 13:33:40,243 ERROR org.hibernate.tool.schema.internal.SchemaDropperImpl$DelayedDropActionImpl [SpringContextShutdownHook] HHH000478: Unsuccessful: 
    drop table polizas if exists
2021-01-28 13:33:40,249 ERROR org.hibernate.tool.schema.internal.SchemaDropperImpl$DelayedDropActionImpl [SpringContextShutdownHook] HHH000478: Unsuccessful: 
    drop table user_rev_entity if exists
2021-01-28 13:33:40,250 ERROR org.hibernate.tool.schema.internal.SchemaDropperImpl$DelayedDropActionImpl [SpringContextShutdownHook] HHH000478: Unsuccessful: 
    drop table users if exists
2021-01-28 13:35:29,190 WARN org.springframework.boot.StartupInfoLogger [main] InetAddress.getLocalHost().getHostName() took 5003 milliseconds to respond. Please verify your network configuration (macOS machines may need to add entries to /etc/hosts).
2021-01-28 13:35:34,201 INFO org.springframework.boot.StartupInfoLogger [main] Starting CitaServiceTests on Antonios.local with PID 26636 (started by antonio in /Users/antonio/Desktop/tmp/dp1-2020-g3-09)
2021-01-28 13:35:34,203 DEBUG org.springframework.boot.StartupInfoLogger [main] Running with Spring Boot v2.2.4.RELEASE, Spring v5.2.3.RELEASE
2021-01-28 13:35:34,208 INFO org.springframework.boot.SpringApplication [main] No active profile set, falling back to default profiles: default
2021-01-28 13:35:52,008 INFO org.springframework.boot.StartupInfoLogger [main] Started CitaServiceTests in 39.214 seconds (JVM running for 42.755)
2021-01-28 13:35:53,412 ERROR org.hibernate.tool.schema.internal.SchemaDropperImpl$DelayedDropActionImpl [SpringContextShutdownHook] HHH000478: Unsuccessful: 
    drop table actas if exists
2021-01-28 13:35:53,423 ERROR org.hibernate.tool.schema.internal.SchemaDropperImpl$DelayedDropActionImpl [SpringContextShutdownHook] HHH000478: Unsuccessful: 
    drop table aseguradoras if exists
2021-01-28 13:35:53,442 ERROR org.hibernate.tool.schema.internal.SchemaDropperImpl$DelayedDropActionImpl [SpringContextShutdownHook] HHH000478: Unsuccessful: 
    drop table citas if exists
2021-01-28 13:35:53,445 ERROR org.hibernate.tool.schema.internal.SchemaDropperImpl$DelayedDropActionImpl [SpringContextShutdownHook] HHH000478: Unsuccessful: 
    drop table especialistas if exists
2021-01-28 13:35:53,451 ERROR org.hibernate.tool.schema.internal.SchemaDropperImpl$DelayedDropActionImpl [SpringContextShutdownHook] HHH000478: Unsuccessful: 
    drop table pacientes if exists
2021-01-28 13:35:53,454 ERROR org.hibernate.tool.schema.internal.SchemaDropperImpl$DelayedDropActionImpl [SpringContextShutdownHook] HHH000478: Unsuccessful: 
    drop table polizas if exists
2021-01-28 13:35:53,458 ERROR org.hibernate.tool.schema.internal.SchemaDropperImpl$DelayedDropActionImpl [SpringContextShutdownHook] HHH000478: Unsuccessful: 
    drop table user_rev_entity if exists
2021-01-28 13:35:53,460 ERROR org.hibernate.tool.schema.internal.SchemaDropperImpl$DelayedDropActionImpl [SpringContextShutdownHook] HHH000478: Unsuccessful: 
    drop table users if exists
2021-01-28 13:56:52,601 WARN org.springframework.boot.StartupInfoLogger [restartedMain] InetAddress.getLocalHost().getHostName() took 5003 milliseconds to respond. Please verify your network configuration (macOS machines may need to add entries to /etc/hosts).
2021-01-28 13:56:57,616 INFO org.springframework.boot.StartupInfoLogger [restartedMain] Starting Tempura17Application on Antonios.local with PID 35558 (/Users/antonio/Desktop/tmp/dp1-2020-g3-09/target/classes started by antonio in /Users/antonio/Desktop/tmp/dp1-2020-g3-09)
2021-01-28 13:56:57,618 DEBUG org.springframework.boot.StartupInfoLogger [restartedMain] Running with Spring Boot v2.2.4.RELEASE, Spring v5.2.3.RELEASE
2021-01-28 13:56:57,619 INFO org.springframework.boot.SpringApplication [restartedMain] No active profile set, falling back to default profiles: default
2021-01-28 13:57:05,742 WARN org.springframework.boot.autoconfigure.orm.jpa.JpaBaseConfiguration$JpaWebConfiguration [restartedMain] spring.jpa.open-in-view is enabled by default. Therefore, database queries may be performed during view rendering. Explicitly configure spring.jpa.open-in-view to disable this warning
2021-01-28 13:57:10,219 INFO org.springframework.boot.StartupInfoLogger [restartedMain] Started Tempura17Application in 33.49 seconds (JVM running for 34.233)
2021-01-28 13:57:10,224 INFO com.tempura17.Tempura17Application [restartedMain] Awesomeness ahead!
2021-01-28 14:00:38,262 WARN com.zaxxer.hikari.pool.HikariPool$HouseKeeper [HikariPool-1 housekeeper] HikariPool-1 - Thread starvation or clock leap detected (housekeeper delta=2m6s476ms).
2021-01-28 14:01:59,484 ERROR org.hibernate.tool.schema.internal.SchemaDropperImpl$DelayedDropActionImpl [Thread-5] HHH000478: Unsuccessful: 
    drop table actas if exists
2021-01-28 14:01:59,519 ERROR org.hibernate.tool.schema.internal.SchemaDropperImpl$DelayedDropActionImpl [Thread-5] HHH000478: Unsuccessful: 
    drop table aseguradoras if exists
2021-01-28 14:01:59,528 ERROR org.hibernate.tool.schema.internal.SchemaDropperImpl$DelayedDropActionImpl [Thread-5] HHH000478: Unsuccessful: 
    drop table citas if exists
2021-01-28 14:01:59,532 ERROR org.hibernate.tool.schema.internal.SchemaDropperImpl$DelayedDropActionImpl [Thread-5] HHH000478: Unsuccessful: 
    drop table especialistas if exists
2021-01-28 14:01:59,541 ERROR org.hibernate.tool.schema.internal.SchemaDropperImpl$DelayedDropActionImpl [Thread-5] HHH000478: Unsuccessful: 
    drop table pacientes if exists
2021-01-28 14:01:59,545 ERROR org.hibernate.tool.schema.internal.SchemaDropperImpl$DelayedDropActionImpl [Thread-5] HHH000478: Unsuccessful: 
    drop table polizas if exists
2021-01-28 14:01:59,549 ERROR org.hibernate.tool.schema.internal.SchemaDropperImpl$DelayedDropActionImpl [Thread-5] HHH000478: Unsuccessful: 
    drop table user_rev_entity if exists
2021-01-28 14:01:59,551 ERROR org.hibernate.tool.schema.internal.SchemaDropperImpl$DelayedDropActionImpl [Thread-5] HHH000478: Unsuccessful: 
    drop table users if exists
2021-01-28 14:01:59,797 WARN org.springframework.beans.factory.support.DisposableBeanAdapter [Thread-5] Invocation of destroy method failed on bean with name 'inMemoryDatabaseShutdownExecutor': org.h2.jdbc.JdbcSQLNonTransientConnectionException: Database is already closed (to disable automatic closing at VM shutdown, add ";DB_CLOSE_ON_EXIT=FALSE" to the db URL) [90121-200]
2021-01-28 14:02:15,491 WARN org.springframework.boot.StartupInfoLogger [restartedMain] InetAddress.getLocalHost().getHostName() took 5002 milliseconds to respond. Please verify your network configuration (macOS machines may need to add entries to /etc/hosts).
2021-01-28 14:02:20,494 INFO org.springframework.boot.StartupInfoLogger [restartedMain] Starting Tempura17Application on Antonios.local with PID 35558 (/Users/antonio/Desktop/tmp/dp1-2020-g3-09/target/classes started by antonio in /Users/antonio/Desktop/tmp/dp1-2020-g3-09)
2021-01-28 14:02:20,494 DEBUG org.springframework.boot.StartupInfoLogger [restartedMain] Running with Spring Boot v2.2.4.RELEASE, Spring v5.2.3.RELEASE
2021-01-28 14:02:20,495 INFO org.springframework.boot.SpringApplication [restartedMain] No active profile set, falling back to default profiles: default
2021-01-28 14:02:23,723 WARN org.springframework.boot.autoconfigure.orm.jpa.JpaBaseConfiguration$JpaWebConfiguration [restartedMain] spring.jpa.open-in-view is enabled by default. Therefore, database queries may be performed during view rendering. Explicitly configure spring.jpa.open-in-view to disable this warning
2021-01-28 14:02:24,740 INFO org.springframework.boot.StartupInfoLogger [restartedMain] Started Tempura17Application in 24.337 seconds (JVM running for 252.281)
2021-01-28 14:02:24,745 INFO com.tempura17.Tempura17Application [restartedMain] Awesomeness ahead!
2021-01-28 14:04:23,094 WARN org.springframework.web.servlet.handler.AbstractHandlerExceptionResolver [http-nio-8080-exec-1] Resolved [javax.persistence.PersistenceException: No Persistence provider for EntityManager named ]
2021-01-28 14:05:00,288 ERROR org.hibernate.tool.schema.internal.SchemaDropperImpl$DelayedDropActionImpl [SpringContextShutdownHook] HHH000478: Unsuccessful: 
    drop table actas if exists
2021-01-28 14:05:00,305 ERROR org.hibernate.tool.schema.internal.SchemaDropperImpl$DelayedDropActionImpl [SpringContextShutdownHook] HHH000478: Unsuccessful: 
    drop table aseguradoras if exists
2021-01-28 14:05:00,311 ERROR org.hibernate.tool.schema.internal.SchemaDropperImpl$DelayedDropActionImpl [SpringContextShutdownHook] HHH000478: Unsuccessful: 
    drop table citas if exists
2021-01-28 14:05:00,312 ERROR org.hibernate.tool.schema.internal.SchemaDropperImpl$DelayedDropActionImpl [SpringContextShutdownHook] HHH000478: Unsuccessful: 
    drop table especialistas if exists
2021-01-28 14:05:00,315 ERROR org.hibernate.tool.schema.internal.SchemaDropperImpl$DelayedDropActionImpl [SpringContextShutdownHook] HHH000478: Unsuccessful: 
    drop table pacientes if exists
2021-01-28 14:05:00,320 ERROR org.hibernate.tool.schema.internal.SchemaDropperImpl$DelayedDropActionImpl [SpringContextShutdownHook] HHH000478: Unsuccessful: 
    drop table polizas if exists
2021-01-28 14:05:00,324 ERROR org.hibernate.tool.schema.internal.SchemaDropperImpl$DelayedDropActionImpl [SpringContextShutdownHook] HHH000478: Unsuccessful: 
    drop table user_rev_entity if exists
2021-01-28 14:05:00,325 ERROR org.hibernate.tool.schema.internal.SchemaDropperImpl$DelayedDropActionImpl [SpringContextShutdownHook] HHH000478: Unsuccessful: 
    drop table users if exists
2021-01-28 14:05:00,543 WARN org.springframework.beans.factory.support.DisposableBeanAdapter [SpringContextShutdownHook] Invocation of destroy method failed on bean with name 'inMemoryDatabaseShutdownExecutor': org.h2.jdbc.JdbcSQLNonTransientConnectionException: Database is already closed (to disable automatic closing at VM shutdown, add ";DB_CLOSE_ON_EXIT=FALSE" to the db URL) [90121-200]
2021-01-28 14:06:07,167 WARN org.springframework.boot.StartupInfoLogger [restartedMain] InetAddress.getLocalHost().getHostName() took 5005 milliseconds to respond. Please verify your network configuration (macOS machines may need to add entries to /etc/hosts).
2021-01-28 14:06:12,181 INFO org.springframework.boot.StartupInfoLogger [restartedMain] Starting Tempura17Application on Antonios.local with PID 38549 (/Users/antonio/Desktop/tmp/dp1-2020-g3-09/target/classes started by antonio in /Users/antonio/Desktop/tmp/dp1-2020-g3-09)
2021-01-28 14:06:12,183 DEBUG org.springframework.boot.StartupInfoLogger [restartedMain] Running with Spring Boot v2.2.4.RELEASE, Spring v5.2.3.RELEASE
2021-01-28 14:06:12,185 INFO org.springframework.boot.SpringApplication [restartedMain] No active profile set, falling back to default profiles: default
2021-01-28 14:06:22,639 WARN org.springframework.boot.autoconfigure.orm.jpa.JpaBaseConfiguration$JpaWebConfiguration [restartedMain] spring.jpa.open-in-view is enabled by default. Therefore, database queries may be performed during view rendering. Explicitly configure spring.jpa.open-in-view to disable this warning
2021-01-28 14:06:26,623 INFO org.springframework.boot.StartupInfoLogger [restartedMain] Started Tempura17Application in 35.135 seconds (JVM running for 36.353)
2021-01-28 14:06:26,628 INFO com.tempura17.Tempura17Application [restartedMain] Awesomeness ahead!
2021-01-28 14:08:19,407 ERROR org.hibernate.tool.schema.internal.SchemaDropperImpl$DelayedDropActionImpl [Thread-5] HHH000478: Unsuccessful: 
    drop table actas if exists
2021-01-28 14:08:19,450 ERROR org.hibernate.tool.schema.internal.SchemaDropperImpl$DelayedDropActionImpl [Thread-5] HHH000478: Unsuccessful: 
    drop table aseguradoras if exists
2021-01-28 14:08:19,495 ERROR org.hibernate.tool.schema.internal.SchemaDropperImpl$DelayedDropActionImpl [Thread-5] HHH000478: Unsuccessful: 
    drop table citas if exists
2021-01-28 14:08:19,509 ERROR org.hibernate.tool.schema.internal.SchemaDropperImpl$DelayedDropActionImpl [Thread-5] HHH000478: Unsuccessful: 
    drop table especialistas if exists
2021-01-28 14:08:19,516 ERROR org.hibernate.tool.schema.internal.SchemaDropperImpl$DelayedDropActionImpl [Thread-5] HHH000478: Unsuccessful: 
    drop table pacientes if exists
2021-01-28 14:08:19,525 ERROR org.hibernate.tool.schema.internal.SchemaDropperImpl$DelayedDropActionImpl [Thread-5] HHH000478: Unsuccessful: 
    drop table polizas if exists
2021-01-28 14:08:19,533 ERROR org.hibernate.tool.schema.internal.SchemaDropperImpl$DelayedDropActionImpl [Thread-5] HHH000478: Unsuccessful: 
    drop table user_rev_entity if exists
2021-01-28 14:08:19,535 ERROR org.hibernate.tool.schema.internal.SchemaDropperImpl$DelayedDropActionImpl [Thread-5] HHH000478: Unsuccessful: 
    drop table users if exists
2021-01-28 14:08:19,970 WARN org.springframework.beans.factory.support.DisposableBeanAdapter [Thread-5] Invocation of destroy method failed on bean with name 'inMemoryDatabaseShutdownExecutor': org.h2.jdbc.JdbcSQLNonTransientConnectionException: Database is already closed (to disable automatic closing at VM shutdown, add ";DB_CLOSE_ON_EXIT=FALSE" to the db URL) [90121-200]
2021-01-28 14:08:36,026 WARN org.springframework.boot.StartupInfoLogger [restartedMain] InetAddress.getLocalHost().getHostName() took 5004 milliseconds to respond. Please verify your network configuration (macOS machines may need to add entries to /etc/hosts).
2021-01-28 14:08:41,031 INFO org.springframework.boot.StartupInfoLogger [restartedMain] Starting Tempura17Application on Antonios.local with PID 38549 (/Users/antonio/Desktop/tmp/dp1-2020-g3-09/target/classes started by antonio in /Users/antonio/Desktop/tmp/dp1-2020-g3-09)
2021-01-28 14:08:41,032 DEBUG org.springframework.boot.StartupInfoLogger [restartedMain] Running with Spring Boot v2.2.4.RELEASE, Spring v5.2.3.RELEASE
2021-01-28 14:08:41,033 INFO org.springframework.boot.SpringApplication [restartedMain] No active profile set, falling back to default profiles: default
2021-01-28 14:08:44,566 WARN org.springframework.boot.autoconfigure.orm.jpa.JpaBaseConfiguration$JpaWebConfiguration [restartedMain] spring.jpa.open-in-view is enabled by default. Therefore, database queries may be performed during view rendering. Explicitly configure spring.jpa.open-in-view to disable this warning
2021-01-28 14:08:45,995 INFO org.springframework.boot.StartupInfoLogger [restartedMain] Started Tempura17Application in 25.059 seconds (JVM running for 175.721)
2021-01-28 14:08:45,999 INFO com.tempura17.Tempura17Application [restartedMain] Awesomeness ahead!
2021-01-28 14:08:51,853 WARN org.springframework.web.servlet.handler.AbstractHandlerExceptionResolver [http-nio-8080-exec-1] Resolved [javax.persistence.PersistenceException: No Persistence provider for EntityManager named jdbc:h2:mem:testdb]
2021-01-28 14:08:57,672 WARN org.springframework.web.servlet.handler.AbstractHandlerExceptionResolver [http-nio-8080-exec-2] Resolved [javax.persistence.PersistenceException: No Persistence provider for EntityManager named jdbc:h2:mem:testdb]
2021-01-28 14:09:24,175 ERROR org.hibernate.tool.schema.internal.SchemaDropperImpl$DelayedDropActionImpl [Thread-10] HHH000478: Unsuccessful: 
    drop table actas if exists
2021-01-28 14:09:24,186 ERROR org.hibernate.tool.schema.internal.SchemaDropperImpl$DelayedDropActionImpl [Thread-10] HHH000478: Unsuccessful: 
    drop table aseguradoras if exists
2021-01-28 14:09:24,195 ERROR org.hibernate.tool.schema.internal.SchemaDropperImpl$DelayedDropActionImpl [Thread-10] HHH000478: Unsuccessful: 
    drop table citas if exists
2021-01-28 14:09:24,197 ERROR org.hibernate.tool.schema.internal.SchemaDropperImpl$DelayedDropActionImpl [Thread-10] HHH000478: Unsuccessful: 
    drop table especialistas if exists
2021-01-28 14:09:24,199 ERROR org.hibernate.tool.schema.internal.SchemaDropperImpl$DelayedDropActionImpl [Thread-10] HHH000478: Unsuccessful: 
    drop table pacientes if exists
2021-01-28 14:09:24,201 ERROR org.hibernate.tool.schema.internal.SchemaDropperImpl$DelayedDropActionImpl [Thread-10] HHH000478: Unsuccessful: 
    drop table polizas if exists
2021-01-28 14:09:24,203 ERROR org.hibernate.tool.schema.internal.SchemaDropperImpl$DelayedDropActionImpl [Thread-10] HHH000478: Unsuccessful: 
    drop table user_rev_entity if exists
2021-01-28 14:09:24,204 ERROR org.hibernate.tool.schema.internal.SchemaDropperImpl$DelayedDropActionImpl [Thread-10] HHH000478: Unsuccessful: 
    drop table users if exists
2021-01-28 14:09:24,442 WARN org.springframework.beans.factory.support.DisposableBeanAdapter [Thread-10] Invocation of destroy method failed on bean with name 'inMemoryDatabaseShutdownExecutor': org.h2.jdbc.JdbcSQLNonTransientConnectionException: Database is already closed (to disable automatic closing at VM shutdown, add ";DB_CLOSE_ON_EXIT=FALSE" to the db URL) [90121-200]
2021-01-28 14:09:40,305 WARN org.springframework.boot.StartupInfoLogger [restartedMain] InetAddress.getLocalHost().getHostName() took 5004 milliseconds to respond. Please verify your network configuration (macOS machines may need to add entries to /etc/hosts).
2021-01-28 14:09:45,308 INFO org.springframework.boot.StartupInfoLogger [restartedMain] Starting Tempura17Application on Antonios.local with PID 38549 (/Users/antonio/Desktop/tmp/dp1-2020-g3-09/target/classes started by antonio in /Users/antonio/Desktop/tmp/dp1-2020-g3-09)
2021-01-28 14:09:45,311 DEBUG org.springframework.boot.StartupInfoLogger [restartedMain] Running with Spring Boot v2.2.4.RELEASE, Spring v5.2.3.RELEASE
2021-01-28 14:09:45,312 INFO org.springframework.boot.SpringApplication [restartedMain] No active profile set, falling back to default profiles: default
2021-01-28 14:09:48,169 WARN org.springframework.boot.autoconfigure.orm.jpa.JpaBaseConfiguration$JpaWebConfiguration [restartedMain] spring.jpa.open-in-view is enabled by default. Therefore, database queries may be performed during view rendering. Explicitly configure spring.jpa.open-in-view to disable this warning
2021-01-28 14:09:50,063 INFO org.springframework.boot.StartupInfoLogger [restartedMain] Started Tempura17Application in 24.848 seconds (JVM running for 239.787)
2021-01-28 14:09:50,072 INFO com.tempura17.Tempura17Application [restartedMain] Awesomeness ahead!
2021-01-28 14:09:57,828 WARN org.springframework.web.servlet.handler.AbstractHandlerExceptionResolver [http-nio-8080-exec-1] Resolved [javax.persistence.PersistenceException: No Persistence provider for EntityManager named org.h2.Driver]
2021-01-28 14:10:00,367 WARN org.springframework.web.servlet.handler.AbstractHandlerExceptionResolver [http-nio-8080-exec-2] Resolved [javax.persistence.PersistenceException: No Persistence provider for EntityManager named org.h2.Driver]
2021-01-28 14:10:15,276 ERROR org.hibernate.tool.schema.internal.SchemaDropperImpl$DelayedDropActionImpl [Thread-16] HHH000478: Unsuccessful: 
    drop table actas if exists
2021-01-28 14:10:15,283 ERROR org.hibernate.tool.schema.internal.SchemaDropperImpl$DelayedDropActionImpl [Thread-16] HHH000478: Unsuccessful: 
    drop table aseguradoras if exists
2021-01-28 14:10:15,286 ERROR org.hibernate.tool.schema.internal.SchemaDropperImpl$DelayedDropActionImpl [Thread-16] HHH000478: Unsuccessful: 
    drop table citas if exists
2021-01-28 14:10:15,288 ERROR org.hibernate.tool.schema.internal.SchemaDropperImpl$DelayedDropActionImpl [Thread-16] HHH000478: Unsuccessful: 
    drop table especialistas if exists
2021-01-28 14:10:15,292 ERROR org.hibernate.tool.schema.internal.SchemaDropperImpl$DelayedDropActionImpl [Thread-16] HHH000478: Unsuccessful: 
    drop table pacientes if exists
2021-01-28 14:10:15,300 ERROR org.hibernate.tool.schema.internal.SchemaDropperImpl$DelayedDropActionImpl [Thread-16] HHH000478: Unsuccessful: 
    drop table polizas if exists
2021-01-28 14:10:15,304 ERROR org.hibernate.tool.schema.internal.SchemaDropperImpl$DelayedDropActionImpl [Thread-16] HHH000478: Unsuccessful: 
    drop table user_rev_entity if exists
2021-01-28 14:10:15,318 ERROR org.hibernate.tool.schema.internal.SchemaDropperImpl$DelayedDropActionImpl [Thread-16] HHH000478: Unsuccessful: 
    drop table users if exists
2021-01-28 14:10:15,529 WARN org.springframework.beans.factory.support.DisposableBeanAdapter [Thread-16] Invocation of destroy method failed on bean with name 'inMemoryDatabaseShutdownExecutor': org.h2.jdbc.JdbcSQLNonTransientConnectionException: Database is already closed (to disable automatic closing at VM shutdown, add ";DB_CLOSE_ON_EXIT=FALSE" to the db URL) [90121-200]
2021-01-28 14:10:31,232 WARN org.springframework.boot.StartupInfoLogger [restartedMain] InetAddress.getLocalHost().getHostName() took 5003 milliseconds to respond. Please verify your network configuration (macOS machines may need to add entries to /etc/hosts).
2021-01-28 14:10:36,236 INFO org.springframework.boot.StartupInfoLogger [restartedMain] Starting Tempura17Application on Antonios.local with PID 38549 (/Users/antonio/Desktop/tmp/dp1-2020-g3-09/target/classes started by antonio in /Users/antonio/Desktop/tmp/dp1-2020-g3-09)
2021-01-28 14:10:36,237 DEBUG org.springframework.boot.StartupInfoLogger [restartedMain] Running with Spring Boot v2.2.4.RELEASE, Spring v5.2.3.RELEASE
2021-01-28 14:10:36,238 INFO org.springframework.boot.SpringApplication [restartedMain] No active profile set, falling back to default profiles: default
2021-01-28 14:10:39,207 WARN org.springframework.boot.autoconfigure.orm.jpa.JpaBaseConfiguration$JpaWebConfiguration [restartedMain] spring.jpa.open-in-view is enabled by default. Therefore, database queries may be performed during view rendering. Explicitly configure spring.jpa.open-in-view to disable this warning
2021-01-28 14:10:40,319 INFO org.springframework.boot.StartupInfoLogger [restartedMain] Started Tempura17Application in 24.167 seconds (JVM running for 290.041)
2021-01-28 14:10:40,322 INFO com.tempura17.Tempura17Application [restartedMain] Awesomeness ahead!
2021-01-28 14:10:47,258 WARN org.springframework.web.servlet.handler.AbstractHandlerExceptionResolver [http-nio-8080-exec-1] Resolved [javax.persistence.PersistenceException: No Persistence provider for EntityManager named org.h2.jdbc]
2021-01-28 14:10:50,052 WARN org.springframework.web.servlet.handler.AbstractHandlerExceptionResolver [http-nio-8080-exec-2] Resolved [javax.persistence.PersistenceException: No Persistence provider for EntityManager named org.h2.jdbc]
2021-01-28 14:13:32,377 ERROR org.hibernate.tool.schema.internal.SchemaDropperImpl$DelayedDropActionImpl [SpringContextShutdownHook] HHH000478: Unsuccessful: 
    drop table actas if exists
2021-01-28 14:13:32,395 ERROR org.hibernate.tool.schema.internal.SchemaDropperImpl$DelayedDropActionImpl [SpringContextShutdownHook] HHH000478: Unsuccessful: 
    drop table aseguradoras if exists
2021-01-28 14:13:32,401 ERROR org.hibernate.tool.schema.internal.SchemaDropperImpl$DelayedDropActionImpl [SpringContextShutdownHook] HHH000478: Unsuccessful: 
    drop table citas if exists
2021-01-28 14:13:32,403 ERROR org.hibernate.tool.schema.internal.SchemaDropperImpl$DelayedDropActionImpl [SpringContextShutdownHook] HHH000478: Unsuccessful: 
    drop table especialistas if exists
2021-01-28 14:13:32,404 ERROR org.hibernate.tool.schema.internal.SchemaDropperImpl$DelayedDropActionImpl [SpringContextShutdownHook] HHH000478: Unsuccessful: 
    drop table pacientes if exists
2021-01-28 14:13:32,406 ERROR org.hibernate.tool.schema.internal.SchemaDropperImpl$DelayedDropActionImpl [SpringContextShutdownHook] HHH000478: Unsuccessful: 
    drop table polizas if exists
2021-01-28 14:13:32,408 ERROR org.hibernate.tool.schema.internal.SchemaDropperImpl$DelayedDropActionImpl [SpringContextShutdownHook] HHH000478: Unsuccessful: 
    drop table user_rev_entity if exists
2021-01-28 14:13:32,409 ERROR org.hibernate.tool.schema.internal.SchemaDropperImpl$DelayedDropActionImpl [SpringContextShutdownHook] HHH000478: Unsuccessful: 
    drop table users if exists
2021-01-28 14:13:32,635 WARN org.springframework.beans.factory.support.DisposableBeanAdapter [SpringContextShutdownHook] Invocation of destroy method failed on bean with name 'inMemoryDatabaseShutdownExecutor': org.h2.jdbc.JdbcSQLNonTransientConnectionException: Database is already closed (to disable automatic closing at VM shutdown, add ";DB_CLOSE_ON_EXIT=FALSE" to the db URL) [90121-200]
2021-01-28 23:29:52,104 WARN org.springframework.boot.StartupInfoLogger [main] InetAddress.getLocalHost().getHostName() took 5005 milliseconds to respond. Please verify your network configuration (macOS machines may need to add entries to /etc/hosts).
2021-01-28 23:29:57,112 INFO org.springframework.boot.StartupInfoLogger [main] Starting Tempura17ApplicationTests on Antonios.local with PID 44356 (started by antonio in /Users/antonio/Desktop/tmp/dp1-2020-g3-09)
2021-01-28 23:29:57,113 DEBUG org.springframework.boot.StartupInfoLogger [main] Running with Spring Boot v2.2.4.RELEASE, Spring v5.2.3.RELEASE
2021-01-28 23:29:57,114 INFO org.springframework.boot.SpringApplication [main] No active profile set, falling back to default profiles: default
2021-01-28 23:30:07,474 WARN org.springframework.boot.autoconfigure.orm.jpa.JpaBaseConfiguration$JpaWebConfiguration [main] spring.jpa.open-in-view is enabled by default. Therefore, database queries may be performed during view rendering. Explicitly configure spring.jpa.open-in-view to disable this warning
2021-01-28 23:30:13,425 INFO org.springframework.boot.StartupInfoLogger [main] Started Tempura17ApplicationTests in 37.243 seconds (JVM running for 40.571)
2021-01-28 23:30:23,827 WARN org.springframework.boot.StartupInfoLogger [main] InetAddress.getLocalHost().getHostName() took 5004 milliseconds to respond. Please verify your network configuration (macOS machines may need to add entries to /etc/hosts).
2021-01-28 23:30:28,831 INFO org.springframework.boot.StartupInfoLogger [main] Starting EspecialistaServiceTests on Antonios.local with PID 44356 (started by antonio in /Users/antonio/Desktop/tmp/dp1-2020-g3-09)
2021-01-28 23:30:28,832 DEBUG org.springframework.boot.StartupInfoLogger [main] Running with Spring Boot v2.2.4.RELEASE, Spring v5.2.3.RELEASE
2021-01-28 23:30:28,834 INFO org.springframework.boot.SpringApplication [main] No active profile set, falling back to default profiles: default
2021-01-28 23:30:31,460 INFO org.springframework.boot.StartupInfoLogger [main] Started EspecialistaServiceTests in 17.705 seconds (JVM running for 58.606)
2021-01-28 23:30:35,458 ERROR org.hibernate.tool.schema.internal.SchemaDropperImpl$DelayedDropActionImpl [SpringContextShutdownHook] HHH000478: Unsuccessful: 
    drop table actas if exists
2021-01-28 23:30:35,458 ERROR org.hibernate.tool.schema.internal.SchemaDropperImpl$DelayedDropActionImpl [SpringContextShutdownHook] HHH000478: Unsuccessful: 
    drop table actas if exists
2021-01-28 23:30:35,471 ERROR org.hibernate.tool.schema.internal.SchemaDropperImpl$DelayedDropActionImpl [SpringContextShutdownHook] HHH000478: Unsuccessful: 
    drop table aseguradoras if exists
2021-01-28 23:30:35,471 ERROR org.hibernate.tool.schema.internal.SchemaDropperImpl$DelayedDropActionImpl [SpringContextShutdownHook] HHH000478: Unsuccessful: 
    drop table aseguradoras if exists
2021-01-28 23:30:35,477 ERROR org.hibernate.tool.schema.internal.SchemaDropperImpl$DelayedDropActionImpl [SpringContextShutdownHook] HHH000478: Unsuccessful: 
    drop table citas if exists
2021-01-28 23:30:35,477 ERROR org.hibernate.tool.schema.internal.SchemaDropperImpl$DelayedDropActionImpl [SpringContextShutdownHook] HHH000478: Unsuccessful: 
    drop table citas if exists
2021-01-28 23:30:35,478 ERROR org.hibernate.tool.schema.internal.SchemaDropperImpl$DelayedDropActionImpl [SpringContextShutdownHook] HHH000478: Unsuccessful: 
    drop table especialistas if exists
2021-01-28 23:30:35,480 ERROR org.hibernate.tool.schema.internal.SchemaDropperImpl$DelayedDropActionImpl [SpringContextShutdownHook] HHH000478: Unsuccessful: 
    drop table pacientes if exists
2021-01-28 23:30:35,481 ERROR org.hibernate.tool.schema.internal.SchemaDropperImpl$DelayedDropActionImpl [SpringContextShutdownHook] HHH000478: Unsuccessful: 
    drop table polizas if exists
2021-01-28 23:30:35,478 ERROR org.hibernate.tool.schema.internal.SchemaDropperImpl$DelayedDropActionImpl [SpringContextShutdownHook] HHH000478: Unsuccessful: 
    drop table especialistas if exists
2021-01-28 23:30:35,483 ERROR org.hibernate.tool.schema.internal.SchemaDropperImpl$DelayedDropActionImpl [SpringContextShutdownHook] HHH000478: Unsuccessful: 
    drop table user_rev_entity if exists
2021-01-28 23:30:35,483 ERROR org.hibernate.tool.schema.internal.SchemaDropperImpl$DelayedDropActionImpl [SpringContextShutdownHook] HHH000478: Unsuccessful: 
    drop table users if exists
2021-01-28 23:30:35,484 ERROR org.hibernate.tool.schema.internal.SchemaDropperImpl$DelayedDropActionImpl [SpringContextShutdownHook] HHH000478: Unsuccessful: 
    drop table pacientes if exists
2021-01-28 23:30:35,486 ERROR org.hibernate.tool.schema.internal.SchemaDropperImpl$DelayedDropActionImpl [SpringContextShutdownHook] HHH000478: Unsuccessful: 
    drop table polizas if exists
2021-01-28 23:30:35,489 ERROR org.hibernate.tool.schema.internal.SchemaDropperImpl$DelayedDropActionImpl [SpringContextShutdownHook] HHH000478: Unsuccessful: 
    drop table user_rev_entity if exists
2021-01-28 23:30:35,490 ERROR org.hibernate.tool.schema.internal.SchemaDropperImpl$DelayedDropActionImpl [SpringContextShutdownHook] HHH000478: Unsuccessful: 
    drop table users if exists
2021-01-28 23:35:37,583 WARN org.springframework.boot.StartupInfoLogger [main] InetAddress.getLocalHost().getHostName() took 5008 milliseconds to respond. Please verify your network configuration (macOS machines may need to add entries to /etc/hosts).
2021-01-28 23:35:42,617 INFO org.springframework.boot.StartupInfoLogger [main] Starting Tempura17ApplicationTests on Antonios.local with PID 44530 (started by antonio in /Users/antonio/Desktop/tmp/dp1-2020-g3-09)
2021-01-28 23:35:42,620 DEBUG org.springframework.boot.StartupInfoLogger [main] Running with Spring Boot v2.2.4.RELEASE, Spring v5.2.3.RELEASE
2021-01-28 23:35:42,625 INFO org.springframework.boot.SpringApplication [main] No active profile set, falling back to default profiles: default
2021-01-28 23:35:54,751 WARN org.springframework.boot.autoconfigure.orm.jpa.JpaBaseConfiguration$JpaWebConfiguration [main] spring.jpa.open-in-view is enabled by default. Therefore, database queries may be performed during view rendering. Explicitly configure spring.jpa.open-in-view to disable this warning
2021-01-28 23:36:00,785 INFO org.springframework.boot.StartupInfoLogger [main] Started Tempura17ApplicationTests in 39.921 seconds (JVM running for 42.45)
2021-01-28 23:36:11,144 WARN org.springframework.boot.StartupInfoLogger [main] InetAddress.getLocalHost().getHostName() took 5001 milliseconds to respond. Please verify your network configuration (macOS machines may need to add entries to /etc/hosts).
2021-01-28 23:36:16,147 INFO org.springframework.boot.StartupInfoLogger [main] Starting EspecialistaServiceTests on Antonios.local with PID 44530 (started by antonio in /Users/antonio/Desktop/tmp/dp1-2020-g3-09)
2021-01-28 23:36:16,148 DEBUG org.springframework.boot.StartupInfoLogger [main] Running with Spring Boot v2.2.4.RELEASE, Spring v5.2.3.RELEASE
2021-01-28 23:36:16,150 INFO org.springframework.boot.SpringApplication [main] No active profile set, falling back to default profiles: default
2021-01-28 23:36:19,925 INFO org.springframework.boot.StartupInfoLogger [main] Started EspecialistaServiceTests in 18.854 seconds (JVM running for 61.589)
2021-01-28 23:36:29,272 ERROR org.hibernate.tool.schema.internal.SchemaDropperImpl$DelayedDropActionImpl [SpringContextShutdownHook] HHH000478: Unsuccessful: 
    drop table actas if exists
2021-01-28 23:36:29,272 ERROR org.hibernate.tool.schema.internal.SchemaDropperImpl$DelayedDropActionImpl [SpringContextShutdownHook] HHH000478: Unsuccessful: 
    drop table actas if exists
2021-01-28 23:36:29,323 ERROR org.hibernate.tool.schema.internal.SchemaDropperImpl$DelayedDropActionImpl [SpringContextShutdownHook] HHH000478: Unsuccessful: 
    drop table aseguradoras if exists
2021-01-28 23:36:29,324 ERROR org.hibernate.tool.schema.internal.SchemaDropperImpl$DelayedDropActionImpl [SpringContextShutdownHook] HHH000478: Unsuccessful: 
    drop table aseguradoras if exists
2021-01-28 23:36:29,340 ERROR org.hibernate.tool.schema.internal.SchemaDropperImpl$DelayedDropActionImpl [SpringContextShutdownHook] HHH000478: Unsuccessful: 
    drop table citas if exists
2021-01-28 23:36:29,343 ERROR org.hibernate.tool.schema.internal.SchemaDropperImpl$DelayedDropActionImpl [SpringContextShutdownHook] HHH000478: Unsuccessful: 
    drop table citas if exists
2021-01-28 23:36:29,345 ERROR org.hibernate.tool.schema.internal.SchemaDropperImpl$DelayedDropActionImpl [SpringContextShutdownHook] HHH000478: Unsuccessful: 
    drop table especialistas if exists
2021-01-28 23:36:29,349 ERROR org.hibernate.tool.schema.internal.SchemaDropperImpl$DelayedDropActionImpl [SpringContextShutdownHook] HHH000478: Unsuccessful: 
    drop table especialistas if exists
2021-01-28 23:36:29,356 ERROR org.hibernate.tool.schema.internal.SchemaDropperImpl$DelayedDropActionImpl [SpringContextShutdownHook] HHH000478: Unsuccessful: 
    drop table pacientes if exists
2021-01-28 23:36:29,360 ERROR org.hibernate.tool.schema.internal.SchemaDropperImpl$DelayedDropActionImpl [SpringContextShutdownHook] HHH000478: Unsuccessful: 
    drop table pacientes if exists
2021-01-28 23:36:29,360 ERROR org.hibernate.tool.schema.internal.SchemaDropperImpl$DelayedDropActionImpl [SpringContextShutdownHook] HHH000478: Unsuccessful: 
    drop table polizas if exists
2021-01-28 23:36:29,364 ERROR org.hibernate.tool.schema.internal.SchemaDropperImpl$DelayedDropActionImpl [SpringContextShutdownHook] HHH000478: Unsuccessful: 
    drop table polizas if exists
2021-01-28 23:36:29,368 ERROR org.hibernate.tool.schema.internal.SchemaDropperImpl$DelayedDropActionImpl [SpringContextShutdownHook] HHH000478: Unsuccessful: 
    drop table user_rev_entity if exists
2021-01-28 23:36:29,369 ERROR org.hibernate.tool.schema.internal.SchemaDropperImpl$DelayedDropActionImpl [SpringContextShutdownHook] HHH000478: Unsuccessful: 
    drop table user_rev_entity if exists
2021-01-28 23:36:29,371 ERROR org.hibernate.tool.schema.internal.SchemaDropperImpl$DelayedDropActionImpl [SpringContextShutdownHook] HHH000478: Unsuccessful: 
    drop table users if exists
2021-01-28 23:36:29,371 ERROR org.hibernate.tool.schema.internal.SchemaDropperImpl$DelayedDropActionImpl [SpringContextShutdownHook] HHH000478: Unsuccessful: 
    drop table users if exists
2021-01-28 23:52:54,608 WARN org.springframework.boot.StartupInfoLogger [main] InetAddress.getLocalHost().getHostName() took 5003 milliseconds to respond. Please verify your network configuration (macOS machines may need to add entries to /etc/hosts).
2021-01-28 23:52:59,621 INFO org.springframework.boot.StartupInfoLogger [main] Starting AseguradoraServiceTests on Antonios.local with PID 49925 (started by antonio in /Users/antonio/Desktop/tmp/dp1-2020-g3-09)
2021-01-28 23:52:59,623 DEBUG org.springframework.boot.StartupInfoLogger [main] Running with Spring Boot v2.2.4.RELEASE, Spring v5.2.3.RELEASE
2021-01-28 23:52:59,630 INFO org.springframework.boot.SpringApplication [main] No active profile set, falling back to default profiles: default
2021-01-28 23:53:19,147 INFO org.springframework.boot.StartupInfoLogger [main] Started AseguradoraServiceTests in 40.977 seconds (JVM running for 44.791)
2021-01-28 23:53:19,376 ERROR org.hibernate.tool.schema.internal.SchemaDropperImpl$DelayedDropActionImpl [SpringContextShutdownHook] HHH000478: Unsuccessful: 
    drop table actas if exists
2021-01-28 23:53:19,388 ERROR org.hibernate.tool.schema.internal.SchemaDropperImpl$DelayedDropActionImpl [SpringContextShutdownHook] HHH000478: Unsuccessful: 
    drop table aseguradoras if exists
2021-01-28 23:53:19,397 ERROR org.hibernate.tool.schema.internal.SchemaDropperImpl$DelayedDropActionImpl [SpringContextShutdownHook] HHH000478: Unsuccessful: 
    drop table citas if exists
2021-01-28 23:53:19,400 ERROR org.hibernate.tool.schema.internal.SchemaDropperImpl$DelayedDropActionImpl [SpringContextShutdownHook] HHH000478: Unsuccessful: 
    drop table especialistas if exists
2021-01-28 23:53:19,405 ERROR org.hibernate.tool.schema.internal.SchemaDropperImpl$DelayedDropActionImpl [SpringContextShutdownHook] HHH000478: Unsuccessful: 
    drop table pacientes if exists
2021-01-28 23:53:19,407 ERROR org.hibernate.tool.schema.internal.SchemaDropperImpl$DelayedDropActionImpl [SpringContextShutdownHook] HHH000478: Unsuccessful: 
    drop table polizas if exists
2021-01-28 23:53:19,411 ERROR org.hibernate.tool.schema.internal.SchemaDropperImpl$DelayedDropActionImpl [SpringContextShutdownHook] HHH000478: Unsuccessful: 
    drop table user_rev_entity if exists
2021-01-28 23:53:19,413 ERROR org.hibernate.tool.schema.internal.SchemaDropperImpl$DelayedDropActionImpl [SpringContextShutdownHook] HHH000478: Unsuccessful: 
    drop table users if exists
2021-01-28 23:53:52,489 WARN org.springframework.boot.StartupInfoLogger [main] InetAddress.getLocalHost().getHostName() took 5006 milliseconds to respond. Please verify your network configuration (macOS machines may need to add entries to /etc/hosts).
2021-01-28 23:53:57,500 INFO org.springframework.boot.StartupInfoLogger [main] Starting AseguradoraServiceTests on Antonios.local with PID 50266 (started by antonio in /Users/antonio/Desktop/tmp/dp1-2020-g3-09)
2021-01-28 23:53:57,501 DEBUG org.springframework.boot.StartupInfoLogger [main] Running with Spring Boot v2.2.4.RELEASE, Spring v5.2.3.RELEASE
2021-01-28 23:53:57,506 INFO org.springframework.boot.SpringApplication [main] No active profile set, falling back to default profiles: default
2021-01-28 23:54:17,347 INFO org.springframework.boot.StartupInfoLogger [main] Started AseguradoraServiceTests in 41.051 seconds (JVM running for 45.844)
2021-01-28 23:54:18,918 ERROR org.hibernate.tool.schema.internal.SchemaDropperImpl$DelayedDropActionImpl [SpringContextShutdownHook] HHH000478: Unsuccessful: 
    drop table actas if exists
2021-01-28 23:54:18,935 ERROR org.hibernate.tool.schema.internal.SchemaDropperImpl$DelayedDropActionImpl [SpringContextShutdownHook] HHH000478: Unsuccessful: 
    drop table aseguradoras if exists
2021-01-28 23:54:18,948 ERROR org.hibernate.tool.schema.internal.SchemaDropperImpl$DelayedDropActionImpl [SpringContextShutdownHook] HHH000478: Unsuccessful: 
    drop table citas if exists
2021-01-28 23:54:18,951 ERROR org.hibernate.tool.schema.internal.SchemaDropperImpl$DelayedDropActionImpl [SpringContextShutdownHook] HHH000478: Unsuccessful: 
    drop table especialistas if exists
2021-01-28 23:54:18,958 ERROR org.hibernate.tool.schema.internal.SchemaDropperImpl$DelayedDropActionImpl [SpringContextShutdownHook] HHH000478: Unsuccessful: 
    drop table pacientes if exists
2021-01-28 23:54:18,985 ERROR org.hibernate.tool.schema.internal.SchemaDropperImpl$DelayedDropActionImpl [SpringContextShutdownHook] HHH000478: Unsuccessful: 
    drop table polizas if exists
2021-01-28 23:54:19,009 ERROR org.hibernate.tool.schema.internal.SchemaDropperImpl$DelayedDropActionImpl [SpringContextShutdownHook] HHH000478: Unsuccessful: 
    drop table user_rev_entity if exists
2021-01-28 23:54:19,014 ERROR org.hibernate.tool.schema.internal.SchemaDropperImpl$DelayedDropActionImpl [SpringContextShutdownHook] HHH000478: Unsuccessful: 
    drop table users if exists
2021-01-28 23:54:57,053 WARN org.springframework.boot.StartupInfoLogger [main] InetAddress.getLocalHost().getHostName() took 5086 milliseconds to respond. Please verify your network configuration (macOS machines may need to add entries to /etc/hosts).
2021-01-28 23:55:02,082 INFO org.springframework.boot.StartupInfoLogger [main] Starting Tempura17ApplicationTests on Antonios.local with PID 50590 (started by antonio in /Users/antonio/Desktop/tmp/dp1-2020-g3-09)
2021-01-28 23:55:02,086 DEBUG org.springframework.boot.StartupInfoLogger [main] Running with Spring Boot v2.2.4.RELEASE, Spring v5.2.3.RELEASE
2021-01-28 23:55:02,093 INFO org.springframework.boot.SpringApplication [main] No active profile set, falling back to default profiles: default
2021-01-28 23:55:27,190 WARN org.springframework.boot.autoconfigure.orm.jpa.JpaBaseConfiguration$JpaWebConfiguration [main] spring.jpa.open-in-view is enabled by default. Therefore, database queries may be performed during view rendering. Explicitly configure spring.jpa.open-in-view to disable this warning
2021-01-28 23:55:40,552 INFO org.springframework.boot.StartupInfoLogger [main] Started Tempura17ApplicationTests in 59.825 seconds (JVM running for 62.736)
2021-01-28 23:55:51,443 WARN org.springframework.boot.StartupInfoLogger [main] InetAddress.getLocalHost().getHostName() took 5007 milliseconds to respond. Please verify your network configuration (macOS machines may need to add entries to /etc/hosts).
2021-01-28 23:55:56,453 INFO org.springframework.boot.StartupInfoLogger [main] Starting EspecialistaServiceTests on Antonios.local with PID 50590 (started by antonio in /Users/antonio/Desktop/tmp/dp1-2020-g3-09)
2021-01-28 23:55:56,455 DEBUG org.springframework.boot.StartupInfoLogger [main] Running with Spring Boot v2.2.4.RELEASE, Spring v5.2.3.RELEASE
2021-01-28 23:55:56,471 INFO org.springframework.boot.SpringApplication [main] No active profile set, falling back to default profiles: default
2021-01-28 23:56:02,971 INFO org.springframework.boot.StartupInfoLogger [main] Started EspecialistaServiceTests in 21.651 seconds (JVM running for 85.155)
2021-01-28 23:56:09,532 ERROR org.hibernate.tool.schema.internal.SchemaDropperImpl$DelayedDropActionImpl [SpringContextShutdownHook] HHH000478: Unsuccessful: 
    drop table actas if exists
2021-01-28 23:56:09,539 ERROR org.hibernate.tool.schema.internal.SchemaDropperImpl$DelayedDropActionImpl [SpringContextShutdownHook] HHH000478: Unsuccessful: 
    drop table actas if exists
2021-01-28 23:56:09,556 ERROR org.hibernate.tool.schema.internal.SchemaDropperImpl$DelayedDropActionImpl [SpringContextShutdownHook] HHH000478: Unsuccessful: 
    drop table aseguradoras if exists
2021-01-28 23:56:09,556 ERROR org.hibernate.tool.schema.internal.SchemaDropperImpl$DelayedDropActionImpl [SpringContextShutdownHook] HHH000478: Unsuccessful: 
    drop table aseguradoras if exists
2021-01-28 23:56:09,563 ERROR org.hibernate.tool.schema.internal.SchemaDropperImpl$DelayedDropActionImpl [SpringContextShutdownHook] HHH000478: Unsuccessful: 
    drop table citas if exists
2021-01-28 23:56:09,563 ERROR org.hibernate.tool.schema.internal.SchemaDropperImpl$DelayedDropActionImpl [SpringContextShutdownHook] HHH000478: Unsuccessful: 
    drop table citas if exists
2021-01-28 23:56:09,565 ERROR org.hibernate.tool.schema.internal.SchemaDropperImpl$DelayedDropActionImpl [SpringContextShutdownHook] HHH000478: Unsuccessful: 
    drop table especialistas if exists
2021-01-28 23:56:09,566 ERROR org.hibernate.tool.schema.internal.SchemaDropperImpl$DelayedDropActionImpl [SpringContextShutdownHook] HHH000478: Unsuccessful: 
    drop table especialistas if exists
2021-01-28 23:56:09,569 ERROR org.hibernate.tool.schema.internal.SchemaDropperImpl$DelayedDropActionImpl [SpringContextShutdownHook] HHH000478: Unsuccessful: 
    drop table pacientes if exists
2021-01-28 23:56:09,569 ERROR org.hibernate.tool.schema.internal.SchemaDropperImpl$DelayedDropActionImpl [SpringContextShutdownHook] HHH000478: Unsuccessful: 
    drop table pacientes if exists
2021-01-28 23:56:09,571 ERROR org.hibernate.tool.schema.internal.SchemaDropperImpl$DelayedDropActionImpl [SpringContextShutdownHook] HHH000478: Unsuccessful: 
    drop table polizas if exists
2021-01-28 23:56:09,571 ERROR org.hibernate.tool.schema.internal.SchemaDropperImpl$DelayedDropActionImpl [SpringContextShutdownHook] HHH000478: Unsuccessful: 
    drop table polizas if exists
2021-01-28 23:56:09,574 ERROR org.hibernate.tool.schema.internal.SchemaDropperImpl$DelayedDropActionImpl [SpringContextShutdownHook] HHH000478: Unsuccessful: 
    drop table user_rev_entity if exists
2021-01-28 23:56:09,575 ERROR org.hibernate.tool.schema.internal.SchemaDropperImpl$DelayedDropActionImpl [SpringContextShutdownHook] HHH000478: Unsuccessful: 
    drop table user_rev_entity if exists
2021-01-28 23:56:09,576 ERROR org.hibernate.tool.schema.internal.SchemaDropperImpl$DelayedDropActionImpl [SpringContextShutdownHook] HHH000478: Unsuccessful: 
    drop table users if exists
2021-01-28 23:56:09,576 ERROR org.hibernate.tool.schema.internal.SchemaDropperImpl$DelayedDropActionImpl [SpringContextShutdownHook] HHH000478: Unsuccessful: 
    drop table users if exists
