2021-01-19 00:51:38,589 ERROR org.springframework.boot.SpringApplication [restartedMain] Application run failed
java.lang.IllegalStateException: Logback configuration error detected: 
ERROR in ch.qos.logback.core.joran.spi.Interpreter@9:22 - no applicable action for [encoder], current ElementPath  is [[configuration][appender][layout][encoder]]
	at org.springframework.boot.logging.logback.LogbackLoggingSystem.loadConfiguration(LogbackLoggingSystem.java:169)
	at org.springframework.boot.logging.AbstractLoggingSystem.initializeWithConventions(AbstractLoggingSystem.java:80)
	at org.springframework.boot.logging.AbstractLoggingSystem.initialize(AbstractLoggingSystem.java:60)
	at org.springframework.boot.logging.logback.LogbackLoggingSystem.initialize(LogbackLoggingSystem.java:118)
	at org.springframework.boot.context.logging.LoggingApplicationListener.initializeSystem(LoggingApplicationListener.java:313)
	at org.springframework.boot.context.logging.LoggingApplicationListener.initialize(LoggingApplicationListener.java:288)
	at org.springframework.boot.context.logging.LoggingApplicationListener.onApplicationEnvironmentPreparedEvent(LoggingApplicationListener.java:246)
	at org.springframework.boot.context.logging.LoggingApplicationListener.onApplicationEvent(LoggingApplicationListener.java:223)
	at org.springframework.context.event.SimpleApplicationEventMulticaster.doInvokeListener(SimpleApplicationEventMulticaster.java:172)
	at org.springframework.context.event.SimpleApplicationEventMulticaster.invokeListener(SimpleApplicationEventMulticaster.java:165)
	at org.springframework.context.event.SimpleApplicationEventMulticaster.multicastEvent(SimpleApplicationEventMulticaster.java:139)
	at org.springframework.context.event.SimpleApplicationEventMulticaster.multicastEvent(SimpleApplicationEventMulticaster.java:127)
	at org.springframework.boot.context.event.EventPublishingRunListener.environmentPrepared(EventPublishingRunListener.java:76)
	at org.springframework.boot.SpringApplicationRunListeners.environmentPrepared(SpringApplicationRunListeners.java:53)
	at org.springframework.boot.SpringApplication.prepareEnvironment(SpringApplication.java:345)
	at org.springframework.boot.SpringApplication.run(SpringApplication.java:308)
	at org.springframework.boot.SpringApplication.run(SpringApplication.java:1226)
	at org.springframework.boot.SpringApplication.run(SpringApplication.java:1215)
	at com.tempura17.Tempura17Application.main(Tempura17Application.java:13)
	at sun.reflect.NativeMethodAccessorImpl.invoke0(Native Method)
	at sun.reflect.NativeMethodAccessorImpl.invoke(NativeMethodAccessorImpl.java:62)
	at sun.reflect.DelegatingMethodAccessorImpl.invoke(DelegatingMethodAccessorImpl.java:43)
	at java.lang.reflect.Method.invoke(Method.java:498)
	at org.springframework.boot.devtools.restart.RestartLauncher.run(RestartLauncher.java:49)
2021-01-19 00:53:43,261 WARN org.springframework.boot.StartupInfoLogger [restartedMain] InetAddress.getLocalHost().getHostName() took 5002 milliseconds to respond. Please verify your network configuration (macOS machines may need to add entries to /etc/hosts).
2021-01-19 00:53:48,276 INFO org.springframework.boot.StartupInfoLogger [restartedMain] Starting Tempura17Application on Antonios.local with PID 52060 (/Users/antonio/Desktop/tmp/dp1-2020-g3-09/target/classes started by antonio in /Users/antonio/Desktop/tmp/dp1-2020-g3-09)
2021-01-19 00:53:48,277 DEBUG org.springframework.boot.StartupInfoLogger [restartedMain] Running with Spring Boot v2.2.4.RELEASE, Spring v5.2.3.RELEASE
2021-01-19 00:53:48,279 INFO org.springframework.boot.SpringApplication [restartedMain] No active profile set, falling back to default profiles: default
2021-01-19 00:53:57,785 WARN org.springframework.boot.autoconfigure.orm.jpa.JpaBaseConfiguration$JpaWebConfiguration [restartedMain] spring.jpa.open-in-view is enabled by default. Therefore, database queries may be performed during view rendering. Explicitly configure spring.jpa.open-in-view to disable this warning
2021-01-19 00:54:01,620 INFO org.springframework.boot.StartupInfoLogger [restartedMain] Started Tempura17Application in 34.267 seconds (JVM running for 35.646)
2021-01-19 00:54:01,624 INFO com.tempura17.Tempura17Application [restartedMain] Awesomeness ahead!
2021-01-19 00:54:12,441 DEBUG com.tempura17.web.LoggingController [http-nio-8080-exec-1] A DEBUG Message
2021-01-19 00:54:12,443 INFO com.tempura17.web.LoggingController [http-nio-8080-exec-1] An INFO Message
2021-01-19 00:54:12,444 WARN com.tempura17.web.LoggingController [http-nio-8080-exec-1] A WARN Message
2021-01-19 00:54:12,445 ERROR com.tempura17.web.LoggingController [http-nio-8080-exec-1] An ERROR Message
2021-01-19 00:54:43,787 ERROR org.hibernate.tool.schema.internal.SchemaDropperImpl$DelayedDropActionImpl [Thread-5] HHH000478: Unsuccessful: 
    drop table actas if exists
2021-01-19 00:54:43,833 ERROR org.hibernate.tool.schema.internal.SchemaDropperImpl$DelayedDropActionImpl [Thread-5] HHH000478: Unsuccessful: 
    drop table aseguradoras if exists
2021-01-19 00:54:43,839 ERROR org.hibernate.tool.schema.internal.SchemaDropperImpl$DelayedDropActionImpl [Thread-5] HHH000478: Unsuccessful: 
    drop table citas if exists
2021-01-19 00:54:44,015 ERROR org.hibernate.tool.schema.internal.SchemaDropperImpl$DelayedDropActionImpl [Thread-5] HHH000478: Unsuccessful: 
    drop table especialistas if exists
2021-01-19 00:54:44,019 ERROR org.hibernate.tool.schema.internal.SchemaDropperImpl$DelayedDropActionImpl [Thread-5] HHH000478: Unsuccessful: 
    drop table pacientes if exists
2021-01-19 00:54:44,020 ERROR org.hibernate.tool.schema.internal.SchemaDropperImpl$DelayedDropActionImpl [Thread-5] HHH000478: Unsuccessful: 
    drop table polizas if exists
2021-01-19 00:54:44,033 ERROR org.hibernate.tool.schema.internal.SchemaDropperImpl$DelayedDropActionImpl [Thread-5] HHH000478: Unsuccessful: 
    drop table users if exists
2021-01-19 00:54:44,276 WARN org.springframework.beans.factory.support.DisposableBeanAdapter [Thread-5] Invocation of destroy method failed on bean with name 'inMemoryDatabaseShutdownExecutor': org.h2.jdbc.JdbcSQLNonTransientConnectionException: Database is already closed (to disable automatic closing at VM shutdown, add ";DB_CLOSE_ON_EXIT=FALSE" to the db URL) [90121-200]
2021-01-19 00:54:59,851 WARN org.springframework.boot.StartupInfoLogger [restartedMain] InetAddress.getLocalHost().getHostName() took 5002 milliseconds to respond. Please verify your network configuration (macOS machines may need to add entries to /etc/hosts).
2021-01-19 00:55:04,857 INFO org.springframework.boot.StartupInfoLogger [restartedMain] Starting Tempura17Application on Antonios.local with PID 52060 (/Users/antonio/Desktop/tmp/dp1-2020-g3-09/target/classes started by antonio in /Users/antonio/Desktop/tmp/dp1-2020-g3-09)
2021-01-19 00:55:04,858 DEBUG org.springframework.boot.StartupInfoLogger [restartedMain] Running with Spring Boot v2.2.4.RELEASE, Spring v5.2.3.RELEASE
2021-01-19 00:55:04,859 INFO org.springframework.boot.SpringApplication [restartedMain] No active profile set, falling back to default profiles: default
2021-01-19 00:55:08,528 WARN org.springframework.boot.autoconfigure.orm.jpa.JpaBaseConfiguration$JpaWebConfiguration [restartedMain] spring.jpa.open-in-view is enabled by default. Therefore, database queries may be performed during view rendering. Explicitly configure spring.jpa.open-in-view to disable this warning
2021-01-19 00:55:10,370 INFO org.springframework.boot.StartupInfoLogger [restartedMain] Started Tempura17Application in 25.6 seconds (JVM running for 104.393)
2021-01-19 00:55:10,373 INFO com.tempura17.Tempura17Application [restartedMain] Awesomeness ahead!
2021-01-19 01:05:23,858 ERROR org.hibernate.tool.schema.internal.SchemaDropperImpl$DelayedDropActionImpl [SpringContextShutdownHook] HHH000478: Unsuccessful: 
    drop table actas if exists
2021-01-19 01:05:23,883 ERROR org.hibernate.tool.schema.internal.SchemaDropperImpl$DelayedDropActionImpl [SpringContextShutdownHook] HHH000478: Unsuccessful: 
    drop table aseguradoras if exists
2021-01-19 01:05:23,888 ERROR org.hibernate.tool.schema.internal.SchemaDropperImpl$DelayedDropActionImpl [SpringContextShutdownHook] HHH000478: Unsuccessful: 
    drop table citas if exists
2021-01-19 01:05:23,889 ERROR org.hibernate.tool.schema.internal.SchemaDropperImpl$DelayedDropActionImpl [SpringContextShutdownHook] HHH000478: Unsuccessful: 
    drop table especialistas if exists
2021-01-19 01:05:23,891 ERROR org.hibernate.tool.schema.internal.SchemaDropperImpl$DelayedDropActionImpl [SpringContextShutdownHook] HHH000478: Unsuccessful: 
    drop table pacientes if exists
2021-01-19 01:05:23,892 ERROR org.hibernate.tool.schema.internal.SchemaDropperImpl$DelayedDropActionImpl [SpringContextShutdownHook] HHH000478: Unsuccessful: 
    drop table polizas if exists
2021-01-19 01:05:23,895 ERROR org.hibernate.tool.schema.internal.SchemaDropperImpl$DelayedDropActionImpl [SpringContextShutdownHook] HHH000478: Unsuccessful: 
    drop table users if exists
2021-01-19 01:05:24,111 WARN org.springframework.beans.factory.support.DisposableBeanAdapter [SpringContextShutdownHook] Invocation of destroy method failed on bean with name 'inMemoryDatabaseShutdownExecutor': org.h2.jdbc.JdbcSQLNonTransientConnectionException: Database is already closed (to disable automatic closing at VM shutdown, add ";DB_CLOSE_ON_EXIT=FALSE" to the db URL) [90121-200]
2021-01-23 14:01:41,297 INFO org.springframework.boot.StartupInfoLogger [restartedMain] Starting Tempura17Application on rog0d-VirtualBox with PID 15679 (/home/rog0d/Escritorio/Uni_COVID/DP1/tempura17/dp1-2020-g3-09/target/classes started by rog0d in /home/rog0d/Escritorio/Uni_COVID/DP1/tempura17/dp1-2020-g3-09)
2021-01-23 14:01:41,300 DEBUG org.springframework.boot.StartupInfoLogger [restartedMain] Running with Spring Boot v2.2.4.RELEASE, Spring v5.2.3.RELEASE
2021-01-23 14:01:41,305 INFO org.springframework.boot.SpringApplication [restartedMain] No active profile set, falling back to default profiles: default
2021-01-23 14:01:46,686 WARN org.springframework.boot.autoconfigure.orm.jpa.JpaBaseConfiguration$JpaWebConfiguration [restartedMain] spring.jpa.open-in-view is enabled by default. Therefore, database queries may be performed during view rendering. Explicitly configure spring.jpa.open-in-view to disable this warning
2021-01-23 14:01:48,715 INFO org.springframework.boot.StartupInfoLogger [restartedMain] Started Tempura17Application in 7.948 seconds (JVM running for 8.878)
2021-01-23 14:01:48,722 INFO com.tempura17.Tempura17Application [restartedMain] Awesomeness ahead!
2021-01-23 14:08:05,524 WARN org.springframework.web.servlet.handler.AbstractHandlerExceptionResolver [http-nio-8080-exec-2] Resolved [org.springframework.web.HttpRequestMethodNotSupportedException: Request method 'GET' not supported]
2021-01-23 16:51:35,207 ERROR org.hibernate.tool.schema.internal.SchemaDropperImpl$DelayedDropActionImpl [SpringContextShutdownHook] HHH000478: Unsuccessful: 
    drop table actas if exists
2021-01-23 16:51:35,228 ERROR org.hibernate.tool.schema.internal.SchemaDropperImpl$DelayedDropActionImpl [SpringContextShutdownHook] HHH000478: Unsuccessful: 
    drop table aseguradoras if exists
2021-01-23 16:51:35,241 ERROR org.hibernate.tool.schema.internal.SchemaDropperImpl$DelayedDropActionImpl [SpringContextShutdownHook] HHH000478: Unsuccessful: 
    drop table citas if exists
2021-01-23 16:51:35,246 ERROR org.hibernate.tool.schema.internal.SchemaDropperImpl$DelayedDropActionImpl [SpringContextShutdownHook] HHH000478: Unsuccessful: 
    drop table especialistas if exists
2021-01-23 16:51:35,249 ERROR org.hibernate.tool.schema.internal.SchemaDropperImpl$DelayedDropActionImpl [SpringContextShutdownHook] HHH000478: Unsuccessful: 
    drop table pacientes if exists
2021-01-23 16:51:35,257 ERROR org.hibernate.tool.schema.internal.SchemaDropperImpl$DelayedDropActionImpl [SpringContextShutdownHook] HHH000478: Unsuccessful: 
    drop table polizas if exists
2021-01-23 16:51:35,265 ERROR org.hibernate.tool.schema.internal.SchemaDropperImpl$DelayedDropActionImpl [SpringContextShutdownHook] HHH000478: Unsuccessful: 
    drop table user_rev_entity if exists
2021-01-23 16:51:35,266 ERROR org.hibernate.tool.schema.internal.SchemaDropperImpl$DelayedDropActionImpl [SpringContextShutdownHook] HHH000478: Unsuccessful: 
    drop table users if exists
2021-01-23 16:51:35,479 WARN org.springframework.beans.factory.support.DisposableBeanAdapter [SpringContextShutdownHook] Invocation of destroy method failed on bean with name 'inMemoryDatabaseShutdownExecutor': org.h2.jdbc.JdbcSQLNonTransientConnectionException: La base de datos ya esta cerrada (para des-habilitar el cerrado automatico durante el shutdown de la VM, agregue ";DB_CLOSE_ON_EXIT=FALSE" a la URL de conexión)
Database is already closed (to disable automatic closing at VM shutdown, add ";DB_CLOSE_ON_EXIT=FALSE" to the db URL) [90121-200]
2021-01-23 17:20:01,505 INFO org.springframework.boot.StartupInfoLogger [main] Starting Tempura17ApplicationTests on rog0d-VirtualBox with PID 19902 (started by rog0d in /home/rog0d/Escritorio/Uni_COVID/DP1/tempura17/dp1-2020-g3-09)
2021-01-23 17:20:01,516 DEBUG org.springframework.boot.StartupInfoLogger [main] Running with Spring Boot v2.2.4.RELEASE, Spring v5.2.3.RELEASE
2021-01-23 17:20:01,522 INFO org.springframework.boot.SpringApplication [main] No active profile set, falling back to default profiles: default
2021-01-23 17:20:11,378 WARN org.springframework.boot.autoconfigure.orm.jpa.JpaBaseConfiguration$JpaWebConfiguration [main] spring.jpa.open-in-view is enabled by default. Therefore, database queries may be performed during view rendering. Explicitly configure spring.jpa.open-in-view to disable this warning
2021-01-23 17:20:17,297 INFO org.springframework.boot.StartupInfoLogger [main] Started Tempura17ApplicationTests in 16.473 seconds (JVM running for 19.047)
2021-01-23 17:20:17,663 INFO org.springframework.boot.StartupInfoLogger [main] Starting AseguradoraServiceTests on rog0d-VirtualBox with PID 19902 (started by rog0d in /home/rog0d/Escritorio/Uni_COVID/DP1/tempura17/dp1-2020-g3-09)
2021-01-23 17:20:17,666 DEBUG org.springframework.boot.StartupInfoLogger [main] Running with Spring Boot v2.2.4.RELEASE, Spring v5.2.3.RELEASE
2021-01-23 17:20:17,669 INFO org.springframework.boot.SpringApplication [main] No active profile set, falling back to default profiles: default
2021-01-23 17:20:20,556 INFO org.springframework.boot.StartupInfoLogger [main] Started AseguradoraServiceTests in 2.971 seconds (JVM running for 22.307)
2021-01-23 17:20:25,014 INFO org.springframework.boot.StartupInfoLogger [main] Starting CalculadoraControllerTests on rog0d-VirtualBox with PID 19902 (started by rog0d in /home/rog0d/Escritorio/Uni_COVID/DP1/tempura17/dp1-2020-g3-09)
2021-01-23 17:20:25,017 DEBUG org.springframework.boot.StartupInfoLogger [main] Running with Spring Boot v2.2.4.RELEASE, Spring v5.2.3.RELEASE
2021-01-23 17:20:25,032 INFO org.springframework.boot.SpringApplication [main] No active profile set, falling back to default profiles: default
2021-01-23 17:20:29,133 INFO org.springframework.boot.StartupInfoLogger [main] Started CalculadoraControllerTests in 4.239 seconds (JVM running for 30.884)
2021-01-23 17:20:29,606 ERROR org.hibernate.tool.schema.internal.SchemaDropperImpl$DelayedDropActionImpl [SpringContextShutdownHook] HHH000478: Unsuccessful: 
    drop table actas if exists
2021-01-23 17:20:29,608 ERROR org.hibernate.tool.schema.internal.SchemaDropperImpl$DelayedDropActionImpl [SpringContextShutdownHook] HHH000478: Unsuccessful: 
    drop table actas if exists
2021-01-23 17:20:29,633 ERROR org.hibernate.tool.schema.internal.SchemaDropperImpl$DelayedDropActionImpl [SpringContextShutdownHook] HHH000478: Unsuccessful: 
    drop table aseguradoras if exists
2021-01-23 17:20:29,638 ERROR org.hibernate.tool.schema.internal.SchemaDropperImpl$DelayedDropActionImpl [SpringContextShutdownHook] HHH000478: Unsuccessful: 
    drop table aseguradoras if exists
2021-01-23 17:20:29,666 ERROR org.hibernate.tool.schema.internal.SchemaDropperImpl$DelayedDropActionImpl [SpringContextShutdownHook] HHH000478: Unsuccessful: 
    drop table citas if exists
2021-01-23 17:20:29,667 ERROR org.hibernate.tool.schema.internal.SchemaDropperImpl$DelayedDropActionImpl [SpringContextShutdownHook] HHH000478: Unsuccessful: 
    drop table citas if exists
2021-01-23 17:20:29,670 ERROR org.hibernate.tool.schema.internal.SchemaDropperImpl$DelayedDropActionImpl [SpringContextShutdownHook] HHH000478: Unsuccessful: 
    drop table especialistas if exists
2021-01-23 17:20:29,671 ERROR org.hibernate.tool.schema.internal.SchemaDropperImpl$DelayedDropActionImpl [SpringContextShutdownHook] HHH000478: Unsuccessful: 
    drop table especialistas if exists
2021-01-23 17:20:29,672 ERROR org.hibernate.tool.schema.internal.SchemaDropperImpl$DelayedDropActionImpl [SpringContextShutdownHook] HHH000478: Unsuccessful: 
    drop table pacientes if exists
2021-01-23 17:20:29,677 ERROR org.hibernate.tool.schema.internal.SchemaDropperImpl$DelayedDropActionImpl [SpringContextShutdownHook] HHH000478: Unsuccessful: 
    drop table pacientes if exists
2021-01-23 17:20:29,678 ERROR org.hibernate.tool.schema.internal.SchemaDropperImpl$DelayedDropActionImpl [SpringContextShutdownHook] HHH000478: Unsuccessful: 
    drop table polizas if exists
2021-01-23 17:20:29,684 ERROR org.hibernate.tool.schema.internal.SchemaDropperImpl$DelayedDropActionImpl [SpringContextShutdownHook] HHH000478: Unsuccessful: 
    drop table polizas if exists
2021-01-23 17:20:29,694 ERROR org.hibernate.tool.schema.internal.SchemaDropperImpl$DelayedDropActionImpl [SpringContextShutdownHook] HHH000478: Unsuccessful: 
    drop table user_rev_entity if exists
2021-01-23 17:20:29,695 ERROR org.hibernate.tool.schema.internal.SchemaDropperImpl$DelayedDropActionImpl [SpringContextShutdownHook] HHH000478: Unsuccessful: 
    drop table user_rev_entity if exists
2021-01-23 17:20:29,696 ERROR org.hibernate.tool.schema.internal.SchemaDropperImpl$DelayedDropActionImpl [SpringContextShutdownHook] HHH000478: Unsuccessful: 
    drop table users if exists
2021-01-23 17:20:29,697 ERROR org.hibernate.tool.schema.internal.SchemaDropperImpl$DelayedDropActionImpl [SpringContextShutdownHook] HHH000478: Unsuccessful: 
    drop table users if exists
2021-01-23 17:22:57,770 INFO org.springframework.boot.StartupInfoLogger [main] Starting Tempura17ApplicationTests on rog0d-VirtualBox with PID 20264 (started by rog0d in /home/rog0d/Escritorio/Uni_COVID/DP1/tempura17/dp1-2020-g3-09)
2021-01-23 17:22:57,775 DEBUG org.springframework.boot.StartupInfoLogger [main] Running with Spring Boot v2.2.4.RELEASE, Spring v5.2.3.RELEASE
2021-01-23 17:22:57,782 INFO org.springframework.boot.SpringApplication [main] No active profile set, falling back to default profiles: default
2021-01-23 17:23:07,702 WARN org.springframework.boot.autoconfigure.orm.jpa.JpaBaseConfiguration$JpaWebConfiguration [main] spring.jpa.open-in-view is enabled by default. Therefore, database queries may be performed during view rendering. Explicitly configure spring.jpa.open-in-view to disable this warning
2021-01-23 17:23:13,523 INFO org.springframework.boot.StartupInfoLogger [main] Started Tempura17ApplicationTests in 16.435 seconds (JVM running for 19.034)
2021-01-23 17:23:13,999 INFO org.springframework.boot.StartupInfoLogger [main] Starting AseguradoraServiceTests on rog0d-VirtualBox with PID 20264 (started by rog0d in /home/rog0d/Escritorio/Uni_COVID/DP1/tempura17/dp1-2020-g3-09)
2021-01-23 17:23:14,015 DEBUG org.springframework.boot.StartupInfoLogger [main] Running with Spring Boot v2.2.4.RELEASE, Spring v5.2.3.RELEASE
2021-01-23 17:23:14,028 INFO org.springframework.boot.SpringApplication [main] No active profile set, falling back to default profiles: default
2021-01-23 17:23:17,725 INFO org.springframework.boot.StartupInfoLogger [main] Started AseguradoraServiceTests in 3.87 seconds (JVM running for 23.235)
2021-01-23 17:23:22,760 INFO org.springframework.boot.StartupInfoLogger [main] Starting CalculadoraControllerTests on rog0d-VirtualBox with PID 20264 (started by rog0d in /home/rog0d/Escritorio/Uni_COVID/DP1/tempura17/dp1-2020-g3-09)
2021-01-23 17:23:22,765 DEBUG org.springframework.boot.StartupInfoLogger [main] Running with Spring Boot v2.2.4.RELEASE, Spring v5.2.3.RELEASE
2021-01-23 17:23:22,767 INFO org.springframework.boot.SpringApplication [main] No active profile set, falling back to default profiles: default
2021-01-23 17:23:27,003 INFO org.springframework.boot.StartupInfoLogger [main] Started CalculadoraControllerTests in 4.319 seconds (JVM running for 32.514)
2021-01-23 17:23:27,377 ERROR org.hibernate.tool.schema.internal.SchemaDropperImpl$DelayedDropActionImpl [SpringContextShutdownHook] HHH000478: Unsuccessful: 
    drop table actas if exists
2021-01-23 17:23:27,391 ERROR org.hibernate.tool.schema.internal.SchemaDropperImpl$DelayedDropActionImpl [SpringContextShutdownHook] HHH000478: Unsuccessful: 
    drop table actas if exists
2021-01-23 17:23:27,400 ERROR org.hibernate.tool.schema.internal.SchemaDropperImpl$DelayedDropActionImpl [SpringContextShutdownHook] HHH000478: Unsuccessful: 
    drop table aseguradoras if exists
2021-01-23 17:23:27,402 ERROR org.hibernate.tool.schema.internal.SchemaDropperImpl$DelayedDropActionImpl [SpringContextShutdownHook] HHH000478: Unsuccessful: 
    drop table aseguradoras if exists
2021-01-23 17:23:27,420 ERROR org.hibernate.tool.schema.internal.SchemaDropperImpl$DelayedDropActionImpl [SpringContextShutdownHook] HHH000478: Unsuccessful: 
    drop table citas if exists
2021-01-23 17:23:27,422 ERROR org.hibernate.tool.schema.internal.SchemaDropperImpl$DelayedDropActionImpl [SpringContextShutdownHook] HHH000478: Unsuccessful: 
    drop table citas if exists
2021-01-23 17:23:27,429 ERROR org.hibernate.tool.schema.internal.SchemaDropperImpl$DelayedDropActionImpl [SpringContextShutdownHook] HHH000478: Unsuccessful: 
    drop table especialistas if exists
2021-01-23 17:23:27,431 ERROR org.hibernate.tool.schema.internal.SchemaDropperImpl$DelayedDropActionImpl [SpringContextShutdownHook] HHH000478: Unsuccessful: 
    drop table especialistas if exists
2021-01-23 17:23:27,449 ERROR org.hibernate.tool.schema.internal.SchemaDropperImpl$DelayedDropActionImpl [SpringContextShutdownHook] HHH000478: Unsuccessful: 
    drop table pacientes if exists
2021-01-23 17:23:27,454 ERROR org.hibernate.tool.schema.internal.SchemaDropperImpl$DelayedDropActionImpl [SpringContextShutdownHook] HHH000478: Unsuccessful: 
    drop table pacientes if exists
2021-01-23 17:23:27,471 ERROR org.hibernate.tool.schema.internal.SchemaDropperImpl$DelayedDropActionImpl [SpringContextShutdownHook] HHH000478: Unsuccessful: 
    drop table polizas if exists
2021-01-23 17:23:27,476 ERROR org.hibernate.tool.schema.internal.SchemaDropperImpl$DelayedDropActionImpl [SpringContextShutdownHook] HHH000478: Unsuccessful: 
    drop table polizas if exists
2021-01-23 17:23:27,500 ERROR org.hibernate.tool.schema.internal.SchemaDropperImpl$DelayedDropActionImpl [SpringContextShutdownHook] HHH000478: Unsuccessful: 
    drop table user_rev_entity if exists
2021-01-23 17:23:27,503 ERROR org.hibernate.tool.schema.internal.SchemaDropperImpl$DelayedDropActionImpl [SpringContextShutdownHook] HHH000478: Unsuccessful: 
    drop table user_rev_entity if exists
2021-01-23 17:23:27,513 ERROR org.hibernate.tool.schema.internal.SchemaDropperImpl$DelayedDropActionImpl [SpringContextShutdownHook] HHH000478: Unsuccessful: 
    drop table users if exists
2021-01-23 17:23:27,515 ERROR org.hibernate.tool.schema.internal.SchemaDropperImpl$DelayedDropActionImpl [SpringContextShutdownHook] HHH000478: Unsuccessful: 
    drop table users if exists
